{"/workspace/packages/workshop-utils/src/apps.server.ts": {"path":"/workspace/packages/workshop-utils/src/apps.server.ts","all":true,"statementMap":{"0":{"start":{"line":1,"column":0},"end":{"line":1,"column":24}},"1":{"start":{"line":2,"column":0},"end":{"line":2,"column":28}},"3":{"start":{"line":4,"column":0},"end":{"line":4,"column":47}},"4":{"start":{"line":5,"column":0},"end":{"line":5,"column":45}},"5":{"start":{"line":6,"column":0},"end":{"line":6,"column":31}},"7":{"start":{"line":8,"column":0},"end":{"line":8,"column":35}},"8":{"start":{"line":9,"column":0},"end":{"line":9,"column":45}},"9":{"start":{"line":10,"column":0},"end":{"line":10,"column":29}},"10":{"start":{"line":11,"column":0},"end":{"line":11,"column":30}},"11":{"start":{"line":12,"column":0},"end":{"line":12,"column":45}},"12":{"start":{"line":13,"column":0},"end":{"line":13,"column":23}},"13":{"start":{"line":14,"column":0},"end":{"line":14,"column":8}},"22":{"start":{"line":23,"column":0},"end":{"line":23,"column":52}},"23":{"start":{"line":24,"column":0},"end":{"line":24,"column":67}},"24":{"start":{"line":25,"column":0},"end":{"line":25,"column":47}},"25":{"start":{"line":26,"column":0},"end":{"line":26,"column":57}},"26":{"start":{"line":27,"column":0},"end":{"line":27,"column":62}},"27":{"start":{"line":28,"column":0},"end":{"line":28,"column":8}},"33":{"start":{"line":34,"column":0},"end":{"line":34,"column":63}},"34":{"start":{"line":35,"column":0},"end":{"line":35,"column":76}},"35":{"start":{"line":36,"column":0},"end":{"line":36,"column":44}},"36":{"start":{"line":37,"column":0},"end":{"line":37,"column":41}},"41":{"start":{"line":42,"column":0},"end":{"line":42,"column":46}},"43":{"start":{"line":44,"column":0},"end":{"line":44,"column":32}},"44":{"start":{"line":45,"column":0},"end":{"line":45,"column":66}},"45":{"start":{"line":46,"column":0},"end":{"line":46,"column":3}},"46":{"start":{"line":47,"column":0},"end":{"line":47,"column":40}},"47":{"start":{"line":48,"column":0},"end":{"line":48,"column":1}},"49":{"start":{"line":50,"column":0},"end":{"line":50,"column":35}},"50":{"start":{"line":51,"column":0},"end":{"line":51,"column":57}},"52":{"start":{"line":53,"column":0},"end":{"line":53,"column":40}},"53":{"start":{"line":54,"column":0},"end":{"line":54,"column":1}},"55":{"start":{"line":56,"column":0},"end":{"line":56,"column":41}},"56":{"start":{"line":57,"column":0},"end":{"line":57,"column":18}},"57":{"start":{"line":58,"column":0},"end":{"line":58,"column":20}},"58":{"start":{"line":59,"column":0},"end":{"line":59,"column":17}},"59":{"start":{"line":60,"column":0},"end":{"line":60,"column":11}},"60":{"start":{"line":61,"column":0},"end":{"line":61,"column":13}},"61":{"start":{"line":62,"column":0},"end":{"line":62,"column":20}},"62":{"start":{"line":63,"column":0},"end":{"line":63,"column":2}},"63":{"start":{"line":64,"column":0},"end":{"line":64,"column":1}},"67":{"start":{"line":68,"column":0},"end":{"line":68,"column":32}},"69":{"start":{"line":70,"column":0},"end":{"line":70,"column":18}},"71":{"start":{"line":72,"column":0},"end":{"line":72,"column":19}},"73":{"start":{"line":74,"column":0},"end":{"line":74,"column":21}},"74":{"start":{"line":75,"column":0},"end":{"line":75,"column":22}},"75":{"start":{"line":76,"column":0},"end":{"line":76,"column":26}},"76":{"start":{"line":77,"column":0},"end":{"line":77,"column":41}},"77":{"start":{"line":78,"column":0},"end":{"line":78,"column":49}},"78":{"start":{"line":79,"column":0},"end":{"line":79,"column":16}},"79":{"start":{"line":80,"column":0},"end":{"line":80,"column":12}},"80":{"start":{"line":81,"column":0},"end":{"line":81,"column":30}},"81":{"start":{"line":82,"column":0},"end":{"line":82,"column":24}},"82":{"start":{"line":83,"column":0},"end":{"line":83,"column":34}},"83":{"start":{"line":84,"column":0},"end":{"line":84,"column":5}},"84":{"start":{"line":85,"column":0},"end":{"line":85,"column":62}},"85":{"start":{"line":86,"column":0},"end":{"line":86,"column":40}},"86":{"start":{"line":87,"column":0},"end":{"line":87,"column":4}},"87":{"start":{"line":88,"column":0},"end":{"line":88,"column":15}},"88":{"start":{"line":89,"column":0},"end":{"line":89,"column":65}},"89":{"start":{"line":90,"column":0},"end":{"line":90,"column":12}},"90":{"start":{"line":91,"column":0},"end":{"line":91,"column":29}},"91":{"start":{"line":92,"column":0},"end":{"line":92,"column":26}},"92":{"start":{"line":93,"column":0},"end":{"line":93,"column":28}},"93":{"start":{"line":94,"column":0},"end":{"line":94,"column":5}},"94":{"start":{"line":95,"column":0},"end":{"line":95,"column":40}},"95":{"start":{"line":96,"column":0},"end":{"line":96,"column":4}},"96":{"start":{"line":97,"column":0},"end":{"line":97,"column":38}},"97":{"start":{"line":98,"column":0},"end":{"line":98,"column":2}},"99":{"start":{"line":100,"column":0},"end":{"line":100,"column":56}},"100":{"start":{"line":101,"column":0},"end":{"line":101,"column":28}},"101":{"start":{"line":102,"column":0},"end":{"line":102,"column":24}},"102":{"start":{"line":103,"column":0},"end":{"line":103,"column":2}},"104":{"start":{"line":105,"column":0},"end":{"line":105,"column":59}},"105":{"start":{"line":106,"column":0},"end":{"line":106,"column":28}},"106":{"start":{"line":107,"column":0},"end":{"line":107,"column":37}},"107":{"start":{"line":108,"column":0},"end":{"line":108,"column":2}},"109":{"start":{"line":110,"column":0},"end":{"line":110,"column":60}},"110":{"start":{"line":111,"column":0},"end":{"line":111,"column":29}},"111":{"start":{"line":112,"column":0},"end":{"line":112,"column":36}},"112":{"start":{"line":113,"column":0},"end":{"line":113,"column":2}},"114":{"start":{"line":115,"column":0},"end":{"line":115,"column":47}},"115":{"start":{"line":116,"column":0},"end":{"line":116,"column":28}},"116":{"start":{"line":117,"column":0},"end":{"line":117,"column":2}},"118":{"start":{"line":119,"column":0},"end":{"line":119,"column":50}},"119":{"start":{"line":120,"column":0},"end":{"line":120,"column":31}},"120":{"start":{"line":121,"column":0},"end":{"line":121,"column":21}},"121":{"start":{"line":122,"column":0},"end":{"line":122,"column":25}},"122":{"start":{"line":123,"column":0},"end":{"line":123,"column":2}},"124":{"start":{"line":125,"column":0},"end":{"line":125,"column":33}},"126":{"start":{"line":127,"column":0},"end":{"line":127,"column":22}},"128":{"start":{"line":129,"column":0},"end":{"line":129,"column":28}},"130":{"start":{"line":131,"column":0},"end":{"line":131,"column":21}},"132":{"start":{"line":133,"column":0},"end":{"line":133,"column":19}},"133":{"start":{"line":134,"column":0},"end":{"line":134,"column":41}},"134":{"start":{"line":135,"column":0},"end":{"line":135,"column":37}},"135":{"start":{"line":136,"column":0},"end":{"line":136,"column":61}},"136":{"start":{"line":137,"column":0},"end":{"line":137,"column":57}},"137":{"start":{"line":138,"column":0},"end":{"line":138,"column":16}},"138":{"start":{"line":139,"column":0},"end":{"line":139,"column":11}},"139":{"start":{"line":140,"column":0},"end":{"line":140,"column":13}},"140":{"start":{"line":141,"column":0},"end":{"line":141,"column":27}},"141":{"start":{"line":142,"column":0},"end":{"line":142,"column":30}},"142":{"start":{"line":143,"column":0},"end":{"line":143,"column":32}},"143":{"start":{"line":144,"column":0},"end":{"line":144,"column":6}},"144":{"start":{"line":145,"column":0},"end":{"line":145,"column":13}},"145":{"start":{"line":146,"column":0},"end":{"line":146,"column":27}},"146":{"start":{"line":147,"column":0},"end":{"line":147,"column":30}},"147":{"start":{"line":148,"column":0},"end":{"line":148,"column":35}},"148":{"start":{"line":149,"column":0},"end":{"line":149,"column":6}},"149":{"start":{"line":150,"column":0},"end":{"line":150,"column":13}},"150":{"start":{"line":151,"column":0},"end":{"line":151,"column":27}},"151":{"start":{"line":152,"column":0},"end":{"line":152,"column":34}},"152":{"start":{"line":153,"column":0},"end":{"line":153,"column":32}},"153":{"start":{"line":154,"column":0},"end":{"line":154,"column":6}},"154":{"start":{"line":155,"column":0},"end":{"line":155,"column":5}},"155":{"start":{"line":156,"column":0},"end":{"line":156,"column":3}},"156":{"start":{"line":157,"column":0},"end":{"line":157,"column":37}},"157":{"start":{"line":158,"column":0},"end":{"line":158,"column":39}},"158":{"start":{"line":159,"column":0},"end":{"line":159,"column":2}},"160":{"start":{"line":161,"column":0},"end":{"line":161,"column":76}},"162":{"start":{"line":163,"column":0},"end":{"line":163,"column":27}},"163":{"start":{"line":164,"column":0},"end":{"line":164,"column":23}},"164":{"start":{"line":165,"column":0},"end":{"line":165,"column":21}},"165":{"start":{"line":166,"column":0},"end":{"line":166,"column":18}},"166":{"start":{"line":167,"column":0},"end":{"line":167,"column":2}},"181":{"start":{"line":182,"column":0},"end":{"line":182,"column":45}},"182":{"start":{"line":183,"column":0},"end":{"line":183,"column":40}},"183":{"start":{"line":184,"column":0},"end":{"line":184,"column":1}},"185":{"start":{"line":186,"column":0},"end":{"line":186,"column":59}},"186":{"start":{"line":187,"column":0},"end":{"line":187,"column":47}},"187":{"start":{"line":188,"column":0},"end":{"line":188,"column":1}},"189":{"start":{"line":190,"column":0},"end":{"line":190,"column":61}},"190":{"start":{"line":191,"column":0},"end":{"line":191,"column":48}},"191":{"start":{"line":192,"column":0},"end":{"line":192,"column":1}},"193":{"start":{"line":194,"column":0},"end":{"line":194,"column":38}},"194":{"start":{"line":195,"column":0},"end":{"line":195,"column":10}},"195":{"start":{"line":196,"column":0},"end":{"line":196,"column":42}},"196":{"start":{"line":197,"column":0},"end":{"line":197,"column":49}},"197":{"start":{"line":198,"column":0},"end":{"line":198,"column":1}},"199":{"start":{"line":200,"column":0},"end":{"line":200,"column":39}},"200":{"start":{"line":201,"column":0},"end":{"line":201,"column":10}},"201":{"start":{"line":202,"column":0},"end":{"line":202,"column":43}},"202":{"start":{"line":203,"column":0},"end":{"line":203,"column":50}},"203":{"start":{"line":204,"column":0},"end":{"line":204,"column":1}},"205":{"start":{"line":206,"column":0},"end":{"line":206,"column":65}},"206":{"start":{"line":207,"column":0},"end":{"line":207,"column":47}},"207":{"start":{"line":208,"column":0},"end":{"line":208,"column":1}},"209":{"start":{"line":210,"column":0},"end":{"line":210,"column":59}},"210":{"start":{"line":211,"column":0},"end":{"line":211,"column":44}},"211":{"start":{"line":212,"column":0},"end":{"line":212,"column":1}},"213":{"start":{"line":214,"column":0},"end":{"line":214,"column":69}},"214":{"start":{"line":215,"column":0},"end":{"line":215,"column":47}},"215":{"start":{"line":216,"column":0},"end":{"line":216,"column":1}},"217":{"start":{"line":218,"column":0},"end":{"line":218,"column":31}},"218":{"start":{"line":219,"column":0},"end":{"line":219,"column":57}},"219":{"start":{"line":220,"column":0},"end":{"line":220,"column":13}},"220":{"start":{"line":221,"column":0},"end":{"line":221,"column":14}},"221":{"start":{"line":222,"column":0},"end":{"line":222,"column":2}},"222":{"start":{"line":223,"column":0},"end":{"line":223,"column":1}},"224":{"start":{"line":225,"column":0},"end":{"line":225,"column":68}},"225":{"start":{"line":226,"column":0},"end":{"line":226,"column":19}},"226":{"start":{"line":227,"column":0},"end":{"line":227,"column":15}},"227":{"start":{"line":228,"column":0},"end":{"line":228,"column":29}},"228":{"start":{"line":229,"column":0},"end":{"line":229,"column":21}},"229":{"start":{"line":230,"column":0},"end":{"line":230,"column":22}},"230":{"start":{"line":231,"column":0},"end":{"line":231,"column":77}},"231":{"start":{"line":232,"column":0},"end":{"line":232,"column":30}},"232":{"start":{"line":233,"column":0},"end":{"line":233,"column":8}},"233":{"start":{"line":234,"column":0},"end":{"line":234,"column":52}},"234":{"start":{"line":235,"column":0},"end":{"line":235,"column":39}},"235":{"start":{"line":236,"column":0},"end":{"line":236,"column":58}},"236":{"start":{"line":237,"column":0},"end":{"line":237,"column":68}},"237":{"start":{"line":238,"column":0},"end":{"line":238,"column":39}},"238":{"start":{"line":239,"column":0},"end":{"line":239,"column":12}},"239":{"start":{"line":240,"column":0},"end":{"line":240,"column":15}},"240":{"start":{"line":241,"column":0},"end":{"line":241,"column":4}},"241":{"start":{"line":242,"column":0},"end":{"line":242,"column":4}},"242":{"start":{"line":243,"column":0},"end":{"line":243,"column":3}},"243":{"start":{"line":244,"column":0},"end":{"line":244,"column":1}},"245":{"start":{"line":246,"column":0},"end":{"line":246,"column":54}},"246":{"start":{"line":247,"column":0},"end":{"line":247,"column":53}},"247":{"start":{"line":248,"column":0},"end":{"line":248,"column":41}},"248":{"start":{"line":249,"column":0},"end":{"line":249,"column":42}},"249":{"start":{"line":250,"column":0},"end":{"line":250,"column":1}},"251":{"start":{"line":252,"column":0},"end":{"line":252,"column":38}},"252":{"start":{"line":253,"column":0},"end":{"line":253,"column":18}},"253":{"start":{"line":254,"column":0},"end":{"line":254,"column":33}},"254":{"start":{"line":255,"column":0},"end":{"line":255,"column":1}},"256":{"start":{"line":257,"column":0},"end":{"line":257,"column":51}},"257":{"start":{"line":258,"column":0},"end":{"line":258,"column":30}},"259":{"start":{"line":260,"column":0},"end":{"line":260,"column":49}},"261":{"start":{"line":262,"column":0},"end":{"line":262,"column":44}},"263":{"start":{"line":264,"column":0},"end":{"line":264,"column":19}},"264":{"start":{"line":265,"column":0},"end":{"line":265,"column":17}},"265":{"start":{"line":266,"column":0},"end":{"line":266,"column":23}},"266":{"start":{"line":267,"column":0},"end":{"line":267,"column":2}},"268":{"start":{"line":269,"column":0},"end":{"line":269,"column":5}},"269":{"start":{"line":270,"column":0},"end":{"line":270,"column":27}},"270":{"start":{"line":271,"column":0},"end":{"line":271,"column":48}},"271":{"start":{"line":272,"column":0},"end":{"line":272,"column":4}},"272":{"start":{"line":273,"column":0},"end":{"line":273,"column":66}},"275":{"start":{"line":276,"column":0},"end":{"line":276,"column":69}},"276":{"start":{"line":277,"column":0},"end":{"line":277,"column":72}},"277":{"start":{"line":278,"column":0},"end":{"line":278,"column":26}},"278":{"start":{"line":279,"column":0},"end":{"line":279,"column":23}},"279":{"start":{"line":280,"column":0},"end":{"line":280,"column":29}},"280":{"start":{"line":281,"column":0},"end":{"line":281,"column":40}},"281":{"start":{"line":282,"column":0},"end":{"line":282,"column":46}},"283":{"start":{"line":284,"column":0},"end":{"line":284,"column":31}},"284":{"start":{"line":285,"column":0},"end":{"line":285,"column":54}},"285":{"start":{"line":286,"column":0},"end":{"line":286,"column":47}},"286":{"start":{"line":287,"column":0},"end":{"line":287,"column":54}},"289":{"start":{"line":290,"column":0},"end":{"line":290,"column":55}},"292":{"start":{"line":293,"column":0},"end":{"line":293,"column":55}},"295":{"start":{"line":296,"column":0},"end":{"line":296,"column":55}},"296":{"start":{"line":297,"column":0},"end":{"line":297,"column":16}},"297":{"start":{"line":298,"column":0},"end":{"line":298,"column":5}},"299":{"start":{"line":300,"column":0},"end":{"line":300,"column":26}},"300":{"start":{"line":301,"column":0},"end":{"line":301,"column":60}},"301":{"start":{"line":302,"column":0},"end":{"line":302,"column":12}},"302":{"start":{"line":303,"column":0},"end":{"line":303,"column":5}},"303":{"start":{"line":304,"column":0},"end":{"line":304,"column":4}},"305":{"start":{"line":306,"column":0},"end":{"line":306,"column":40}},"306":{"start":{"line":307,"column":0},"end":{"line":307,"column":69}},"307":{"start":{"line":308,"column":0},"end":{"line":308,"column":4}},"309":{"start":{"line":310,"column":0},"end":{"line":310,"column":36}},"310":{"start":{"line":311,"column":0},"end":{"line":311,"column":2}},"311":{"start":{"line":312,"column":0},"end":{"line":312,"column":1}},"313":{"start":{"line":314,"column":0},"end":{"line":314,"column":67}},"314":{"start":{"line":315,"column":0},"end":{"line":315,"column":29}},"315":{"start":{"line":316,"column":0},"end":{"line":316,"column":75}},"316":{"start":{"line":317,"column":0},"end":{"line":317,"column":42}},"317":{"start":{"line":318,"column":0},"end":{"line":318,"column":79}},"318":{"start":{"line":319,"column":0},"end":{"line":319,"column":1}},"320":{"start":{"line":321,"column":0},"end":{"line":321,"column":73}},"321":{"start":{"line":322,"column":0},"end":{"line":322,"column":23}},"322":{"start":{"line":323,"column":0},"end":{"line":323,"column":36}},"323":{"start":{"line":324,"column":0},"end":{"line":324,"column":49}},"324":{"start":{"line":325,"column":0},"end":{"line":325,"column":15}},"325":{"start":{"line":326,"column":0},"end":{"line":326,"column":33}},"326":{"start":{"line":327,"column":0},"end":{"line":327,"column":3}},"327":{"start":{"line":328,"column":0},"end":{"line":328,"column":2}},"328":{"start":{"line":329,"column":0},"end":{"line":329,"column":1}},"330":{"start":{"line":331,"column":0},"end":{"line":331,"column":36}},"331":{"start":{"line":332,"column":0},"end":{"line":332,"column":43}},"332":{"start":{"line":333,"column":0},"end":{"line":333,"column":42}},"333":{"start":{"line":334,"column":0},"end":{"line":334,"column":3}},"334":{"start":{"line":335,"column":0},"end":{"line":335,"column":40}},"335":{"start":{"line":336,"column":0},"end":{"line":336,"column":30}},"336":{"start":{"line":337,"column":0},"end":{"line":337,"column":28}},"337":{"start":{"line":338,"column":0},"end":{"line":338,"column":75}},"338":{"start":{"line":339,"column":0},"end":{"line":339,"column":3}},"339":{"start":{"line":340,"column":0},"end":{"line":340,"column":2}},"340":{"start":{"line":341,"column":0},"end":{"line":341,"column":29}},"341":{"start":{"line":342,"column":0},"end":{"line":342,"column":64}},"342":{"start":{"line":343,"column":0},"end":{"line":343,"column":45}},"343":{"start":{"line":344,"column":0},"end":{"line":344,"column":70}},"344":{"start":{"line":345,"column":0},"end":{"line":345,"column":6}},"345":{"start":{"line":346,"column":0},"end":{"line":346,"column":42}},"346":{"start":{"line":347,"column":0},"end":{"line":347,"column":79}},"347":{"start":{"line":348,"column":0},"end":{"line":348,"column":1}},"349":{"start":{"line":350,"column":0},"end":{"line":350,"column":37}},"350":{"start":{"line":351,"column":0},"end":{"line":351,"column":25}},"351":{"start":{"line":352,"column":0},"end":{"line":352,"column":33}},"352":{"start":{"line":353,"column":0},"end":{"line":353,"column":2}},"353":{"start":{"line":354,"column":0},"end":{"line":354,"column":10}},"354":{"start":{"line":355,"column":0},"end":{"line":355,"column":1}},"356":{"start":{"line":357,"column":0},"end":{"line":357,"column":34}},"357":{"start":{"line":358,"column":0},"end":{"line":358,"column":18}},"358":{"start":{"line":359,"column":0},"end":{"line":359,"column":41}},"359":{"start":{"line":360,"column":0},"end":{"line":360,"column":3}},"360":{"start":{"line":361,"column":0},"end":{"line":361,"column":40}},"361":{"start":{"line":362,"column":0},"end":{"line":362,"column":30}},"362":{"start":{"line":363,"column":0},"end":{"line":363,"column":77}},"363":{"start":{"line":364,"column":0},"end":{"line":364,"column":55}},"364":{"start":{"line":365,"column":0},"end":{"line":365,"column":14}},"365":{"start":{"line":366,"column":0},"end":{"line":366,"column":4}},"366":{"start":{"line":367,"column":0},"end":{"line":367,"column":17}},"367":{"start":{"line":368,"column":0},"end":{"line":368,"column":2}},"368":{"start":{"line":369,"column":0},"end":{"line":369,"column":12}},"369":{"start":{"line":370,"column":0},"end":{"line":370,"column":1}},"371":{"start":{"line":372,"column":0},"end":{"line":372,"column":40}},"372":{"start":{"line":373,"column":0},"end":{"line":373,"column":77}},"373":{"start":{"line":374,"column":0},"end":{"line":374,"column":33}},"374":{"start":{"line":375,"column":0},"end":{"line":375,"column":22}},"375":{"start":{"line":376,"column":0},"end":{"line":376,"column":15}},"376":{"start":{"line":377,"column":0},"end":{"line":377,"column":74}},"377":{"start":{"line":378,"column":0},"end":{"line":378,"column":21}},"378":{"start":{"line":379,"column":0},"end":{"line":379,"column":3}},"379":{"start":{"line":380,"column":0},"end":{"line":380,"column":13}},"380":{"start":{"line":381,"column":0},"end":{"line":381,"column":2}},"381":{"start":{"line":382,"column":0},"end":{"line":382,"column":64}},"382":{"start":{"line":383,"column":0},"end":{"line":383,"column":44}},"383":{"start":{"line":384,"column":0},"end":{"line":384,"column":51}},"384":{"start":{"line":385,"column":0},"end":{"line":385,"column":18}},"385":{"start":{"line":386,"column":0},"end":{"line":386,"column":88}},"386":{"start":{"line":387,"column":0},"end":{"line":387,"column":3}},"387":{"start":{"line":388,"column":0},"end":{"line":388,"column":2}},"389":{"start":{"line":390,"column":0},"end":{"line":390,"column":48}},"390":{"start":{"line":391,"column":0},"end":{"line":391,"column":38}},"391":{"start":{"line":392,"column":0},"end":{"line":392,"column":1}},"393":{"start":{"line":394,"column":0},"end":{"line":394,"column":45}},"394":{"start":{"line":395,"column":0},"end":{"line":395,"column":34}},"395":{"start":{"line":396,"column":0},"end":{"line":396,"column":47}},"396":{"start":{"line":397,"column":0},"end":{"line":397,"column":15}},"397":{"start":{"line":398,"column":0},"end":{"line":398,"column":13}},"398":{"start":{"line":399,"column":0},"end":{"line":399,"column":2}},"399":{"start":{"line":400,"column":0},"end":{"line":400,"column":22}},"400":{"start":{"line":401,"column":0},"end":{"line":401,"column":1}},"402":{"start":{"line":403,"column":0},"end":{"line":403,"column":30}},"403":{"start":{"line":404,"column":0},"end":{"line":404,"column":9}},"404":{"start":{"line":405,"column":0},"end":{"line":405,"column":9}},"405":{"start":{"line":406,"column":0},"end":{"line":406,"column":53}},"406":{"start":{"line":407,"column":0},"end":{"line":407,"column":49}},"407":{"start":{"line":408,"column":0},"end":{"line":408,"column":78}},"408":{"start":{"line":409,"column":0},"end":{"line":409,"column":38}},"409":{"start":{"line":410,"column":0},"end":{"line":410,"column":38}},"410":{"start":{"line":411,"column":0},"end":{"line":411,"column":55}},"411":{"start":{"line":412,"column":0},"end":{"line":412,"column":31}},"414":{"start":{"line":415,"column":0},"end":{"line":415,"column":72}},"415":{"start":{"line":416,"column":0},"end":{"line":416,"column":53}},"416":{"start":{"line":417,"column":0},"end":{"line":417,"column":23}},"417":{"start":{"line":418,"column":0},"end":{"line":418,"column":50}},"418":{"start":{"line":419,"column":0},"end":{"line":419,"column":68}},"419":{"start":{"line":420,"column":0},"end":{"line":420,"column":15}},"420":{"start":{"line":421,"column":0},"end":{"line":421,"column":3}},"421":{"start":{"line":422,"column":0},"end":{"line":422,"column":52}},"422":{"start":{"line":423,"column":0},"end":{"line":423,"column":70}},"423":{"start":{"line":424,"column":0},"end":{"line":424,"column":15}},"424":{"start":{"line":425,"column":0},"end":{"line":425,"column":3}},"425":{"start":{"line":426,"column":0},"end":{"line":426,"column":37}},"426":{"start":{"line":427,"column":0},"end":{"line":427,"column":27}},"427":{"start":{"line":428,"column":0},"end":{"line":428,"column":29}},"428":{"start":{"line":429,"column":0},"end":{"line":429,"column":58}},"429":{"start":{"line":430,"column":0},"end":{"line":430,"column":35}},"431":{"start":{"line":432,"column":0},"end":{"line":432,"column":32}},"432":{"start":{"line":433,"column":0},"end":{"line":433,"column":33}},"433":{"start":{"line":434,"column":0},"end":{"line":434,"column":20}},"434":{"start":{"line":435,"column":0},"end":{"line":435,"column":31}},"435":{"start":{"line":436,"column":0},"end":{"line":436,"column":4}},"436":{"start":{"line":437,"column":0},"end":{"line":437,"column":3}},"437":{"start":{"line":438,"column":0},"end":{"line":438,"column":41}},"438":{"start":{"line":439,"column":0},"end":{"line":439,"column":64}},"439":{"start":{"line":440,"column":0},"end":{"line":440,"column":18}},"440":{"start":{"line":441,"column":0},"end":{"line":441,"column":11}},"441":{"start":{"line":442,"column":0},"end":{"line":442,"column":42}},"442":{"start":{"line":443,"column":0},"end":{"line":443,"column":40}},"443":{"start":{"line":444,"column":0},"end":{"line":444,"column":43}},"444":{"start":{"line":445,"column":0},"end":{"line":445,"column":64}},"445":{"start":{"line":446,"column":0},"end":{"line":446,"column":62}},"446":{"start":{"line":447,"column":0},"end":{"line":447,"column":9}},"447":{"start":{"line":448,"column":0},"end":{"line":448,"column":17}},"448":{"start":{"line":449,"column":0},"end":{"line":449,"column":25}},"449":{"start":{"line":450,"column":0},"end":{"line":450,"column":60}},"450":{"start":{"line":451,"column":0},"end":{"line":451,"column":18}},"451":{"start":{"line":452,"column":0},"end":{"line":452,"column":26}},"452":{"start":{"line":453,"column":0},"end":{"line":453,"column":60}},"453":{"start":{"line":454,"column":0},"end":{"line":454,"column":4}},"454":{"start":{"line":455,"column":0},"end":{"line":455,"column":26}},"455":{"start":{"line":456,"column":0},"end":{"line":456,"column":2}},"456":{"start":{"line":457,"column":0},"end":{"line":457,"column":17}},"457":{"start":{"line":458,"column":0},"end":{"line":458,"column":1}},"459":{"start":{"line":460,"column":0},"end":{"line":460,"column":60}},"461":{"start":{"line":462,"column":0},"end":{"line":462,"column":20}},"463":{"start":{"line":464,"column":0},"end":{"line":464,"column":25}},"464":{"start":{"line":465,"column":0},"end":{"line":465,"column":9}},"465":{"start":{"line":466,"column":0},"end":{"line":466,"column":9}},"466":{"start":{"line":467,"column":0},"end":{"line":467,"column":12}},"467":{"start":{"line":468,"column":0},"end":{"line":468,"column":75}},"468":{"start":{"line":469,"column":0},"end":{"line":469,"column":13}},"470":{"start":{"line":471,"column":0},"end":{"line":471,"column":19}},"471":{"start":{"line":472,"column":0},"end":{"line":472,"column":31}},"472":{"start":{"line":473,"column":0},"end":{"line":473,"column":6}},"473":{"start":{"line":474,"column":0},"end":{"line":474,"column":19}},"474":{"start":{"line":475,"column":0},"end":{"line":475,"column":10}},"475":{"start":{"line":476,"column":0},"end":{"line":476,"column":38}},"476":{"start":{"line":477,"column":0},"end":{"line":477,"column":10}},"479":{"start":{"line":480,"column":0},"end":{"line":480,"column":27}},"480":{"start":{"line":481,"column":0},"end":{"line":481,"column":62}},"481":{"start":{"line":482,"column":0},"end":{"line":482,"column":30}},"482":{"start":{"line":483,"column":0},"end":{"line":483,"column":66}},"483":{"start":{"line":484,"column":0},"end":{"line":484,"column":23}},"484":{"start":{"line":485,"column":0},"end":{"line":485,"column":57}},"485":{"start":{"line":486,"column":0},"end":{"line":486,"column":31}},"486":{"start":{"line":487,"column":0},"end":{"line":487,"column":14}},"487":{"start":{"line":488,"column":0},"end":{"line":488,"column":8}},"488":{"start":{"line":489,"column":0},"end":{"line":489,"column":55}},"489":{"start":{"line":490,"column":0},"end":{"line":490,"column":29}},"490":{"start":{"line":491,"column":0},"end":{"line":491,"column":14}},"491":{"start":{"line":492,"column":0},"end":{"line":492,"column":8}},"492":{"start":{"line":493,"column":0},"end":{"line":493,"column":56}},"493":{"start":{"line":494,"column":0},"end":{"line":494,"column":30}},"494":{"start":{"line":495,"column":0},"end":{"line":495,"column":14}},"495":{"start":{"line":496,"column":0},"end":{"line":496,"column":8}},"496":{"start":{"line":497,"column":0},"end":{"line":497,"column":55}},"497":{"start":{"line":498,"column":0},"end":{"line":498,"column":29}},"498":{"start":{"line":499,"column":0},"end":{"line":499,"column":14}},"499":{"start":{"line":500,"column":0},"end":{"line":500,"column":8}},"500":{"start":{"line":501,"column":0},"end":{"line":501,"column":6}},"501":{"start":{"line":502,"column":0},"end":{"line":502,"column":23}},"502":{"start":{"line":503,"column":0},"end":{"line":503,"column":18}},"503":{"start":{"line":504,"column":0},"end":{"line":504,"column":19}},"504":{"start":{"line":505,"column":0},"end":{"line":505,"column":20}},"505":{"start":{"line":506,"column":0},"end":{"line":506,"column":19}},"506":{"start":{"line":507,"column":0},"end":{"line":507,"column":4}},"507":{"start":{"line":508,"column":0},"end":{"line":508,"column":20}},"508":{"start":{"line":509,"column":0},"end":{"line":509,"column":21}},"509":{"start":{"line":510,"column":0},"end":{"line":510,"column":30}},"510":{"start":{"line":511,"column":0},"end":{"line":511,"column":65}},"511":{"start":{"line":512,"column":0},"end":{"line":512,"column":19}},"512":{"start":{"line":513,"column":0},"end":{"line":513,"column":6}},"513":{"start":{"line":514,"column":0},"end":{"line":514,"column":37}},"515":{"start":{"line":516,"column":0},"end":{"line":516,"column":27}},"516":{"start":{"line":517,"column":0},"end":{"line":517,"column":62}},"517":{"start":{"line":518,"column":0},"end":{"line":518,"column":19}},"518":{"start":{"line":519,"column":0},"end":{"line":519,"column":6}},"519":{"start":{"line":520,"column":0},"end":{"line":520,"column":35}},"521":{"start":{"line":522,"column":0},"end":{"line":522,"column":29}},"522":{"start":{"line":523,"column":0},"end":{"line":523,"column":50}},"523":{"start":{"line":524,"column":0},"end":{"line":524,"column":41}},"524":{"start":{"line":525,"column":0},"end":{"line":525,"column":14}},"525":{"start":{"line":526,"column":0},"end":{"line":526,"column":49}},"526":{"start":{"line":527,"column":0},"end":{"line":527,"column":7}},"527":{"start":{"line":528,"column":0},"end":{"line":528,"column":6}},"530":{"start":{"line":531,"column":0},"end":{"line":531,"column":27}},"531":{"start":{"line":532,"column":0},"end":{"line":532,"column":50}},"532":{"start":{"line":533,"column":0},"end":{"line":533,"column":51}},"533":{"start":{"line":534,"column":0},"end":{"line":534,"column":14}},"534":{"start":{"line":535,"column":0},"end":{"line":535,"column":59}},"535":{"start":{"line":536,"column":0},"end":{"line":536,"column":7}},"536":{"start":{"line":537,"column":0},"end":{"line":537,"column":6}},"537":{"start":{"line":538,"column":0},"end":{"line":538,"column":28}},"538":{"start":{"line":539,"column":0},"end":{"line":539,"column":50}},"539":{"start":{"line":540,"column":0},"end":{"line":540,"column":50}},"540":{"start":{"line":541,"column":0},"end":{"line":541,"column":14}},"541":{"start":{"line":542,"column":0},"end":{"line":542,"column":58}},"542":{"start":{"line":543,"column":0},"end":{"line":543,"column":7}},"543":{"start":{"line":544,"column":0},"end":{"line":544,"column":6}},"544":{"start":{"line":545,"column":0},"end":{"line":545,"column":50}},"545":{"start":{"line":546,"column":0},"end":{"line":546,"column":13}},"546":{"start":{"line":547,"column":0},"end":{"line":547,"column":6}},"547":{"start":{"line":548,"column":0},"end":{"line":548,"column":20}},"548":{"start":{"line":549,"column":0},"end":{"line":549,"column":4}},"549":{"start":{"line":550,"column":0},"end":{"line":550,"column":3}},"550":{"start":{"line":551,"column":0},"end":{"line":551,"column":12}},"551":{"start":{"line":552,"column":0},"end":{"line":552,"column":1}},"552":{"start":{"line":553,"column":0},"end":{"line":553,"column":50}},"554":{"start":{"line":555,"column":0},"end":{"line":555,"column":34}},"555":{"start":{"line":556,"column":0},"end":{"line":556,"column":28}},"556":{"start":{"line":557,"column":0},"end":{"line":557,"column":24}},"557":{"start":{"line":558,"column":0},"end":{"line":558,"column":62}},"558":{"start":{"line":559,"column":0},"end":{"line":559,"column":2}},"567":{"start":{"line":568,"column":0},"end":{"line":568,"column":55}},"568":{"start":{"line":569,"column":0},"end":{"line":569,"column":27}},"569":{"start":{"line":570,"column":0},"end":{"line":570,"column":3}},"570":{"start":{"line":571,"column":0},"end":{"line":571,"column":78}},"571":{"start":{"line":572,"column":0},"end":{"line":572,"column":4}},"572":{"start":{"line":573,"column":0},"end":{"line":573,"column":44}},"573":{"start":{"line":574,"column":0},"end":{"line":574,"column":49}},"574":{"start":{"line":575,"column":0},"end":{"line":575,"column":55}},"575":{"start":{"line":576,"column":0},"end":{"line":576,"column":6}},"576":{"start":{"line":577,"column":0},"end":{"line":577,"column":3}},"577":{"start":{"line":578,"column":0},"end":{"line":578,"column":75}},"578":{"start":{"line":579,"column":0},"end":{"line":579,"column":57}},"579":{"start":{"line":580,"column":0},"end":{"line":580,"column":57}},"580":{"start":{"line":581,"column":0},"end":{"line":581,"column":49}},"581":{"start":{"line":582,"column":0},"end":{"line":582,"column":58}},"582":{"start":{"line":583,"column":0},"end":{"line":583,"column":38}},"583":{"start":{"line":584,"column":0},"end":{"line":584,"column":30}},"584":{"start":{"line":585,"column":0},"end":{"line":585,"column":18}},"585":{"start":{"line":586,"column":0},"end":{"line":586,"column":9}},"586":{"start":{"line":587,"column":0},"end":{"line":587,"column":73}},"587":{"start":{"line":588,"column":0},"end":{"line":588,"column":38}},"588":{"start":{"line":589,"column":0},"end":{"line":589,"column":30}},"589":{"start":{"line":590,"column":0},"end":{"line":590,"column":18}},"590":{"start":{"line":591,"column":0},"end":{"line":591,"column":2}},"591":{"start":{"line":592,"column":0},"end":{"line":592,"column":47}},"592":{"start":{"line":593,"column":0},"end":{"line":593,"column":39}},"593":{"start":{"line":594,"column":0},"end":{"line":594,"column":12}},"594":{"start":{"line":595,"column":0},"end":{"line":595,"column":1}},"596":{"start":{"line":597,"column":0},"end":{"line":597,"column":33}},"597":{"start":{"line":598,"column":0},"end":{"line":598,"column":63}},"598":{"start":{"line":599,"column":0},"end":{"line":599,"column":23}},"599":{"start":{"line":600,"column":0},"end":{"line":600,"column":52}},"600":{"start":{"line":601,"column":0},"end":{"line":601,"column":40}},"601":{"start":{"line":602,"column":0},"end":{"line":602,"column":52}},"604":{"start":{"line":605,"column":0},"end":{"line":605,"column":68}},"605":{"start":{"line":606,"column":0},"end":{"line":606,"column":31}},"606":{"start":{"line":607,"column":0},"end":{"line":607,"column":39}},"607":{"start":{"line":608,"column":0},"end":{"line":608,"column":45}},"608":{"start":{"line":609,"column":0},"end":{"line":609,"column":44}},"611":{"start":{"line":612,"column":0},"end":{"line":612,"column":32}},"612":{"start":{"line":613,"column":0},"end":{"line":613,"column":44}},"613":{"start":{"line":614,"column":0},"end":{"line":614,"column":53}},"614":{"start":{"line":615,"column":0},"end":{"line":615,"column":18}},"615":{"start":{"line":616,"column":0},"end":{"line":616,"column":40}},"616":{"start":{"line":617,"column":0},"end":{"line":617,"column":4}},"617":{"start":{"line":618,"column":0},"end":{"line":618,"column":3}},"618":{"start":{"line":619,"column":0},"end":{"line":619,"column":42}},"619":{"start":{"line":620,"column":0},"end":{"line":620,"column":2}},"620":{"start":{"line":621,"column":0},"end":{"line":621,"column":19}},"621":{"start":{"line":622,"column":0},"end":{"line":622,"column":1}},"623":{"start":{"line":624,"column":0},"end":{"line":624,"column":34}},"624":{"start":{"line":625,"column":0},"end":{"line":625,"column":63}},"625":{"start":{"line":626,"column":0},"end":{"line":626,"column":24}},"626":{"start":{"line":627,"column":0},"end":{"line":627,"column":52}},"627":{"start":{"line":628,"column":0},"end":{"line":628,"column":40}},"628":{"start":{"line":629,"column":0},"end":{"line":629,"column":52}},"631":{"start":{"line":632,"column":0},"end":{"line":632,"column":68}},"632":{"start":{"line":633,"column":0},"end":{"line":633,"column":31}},"633":{"start":{"line":634,"column":0},"end":{"line":634,"column":40}},"634":{"start":{"line":635,"column":0},"end":{"line":635,"column":46}},"635":{"start":{"line":636,"column":0},"end":{"line":636,"column":44}},"638":{"start":{"line":639,"column":0},"end":{"line":639,"column":33}},"639":{"start":{"line":640,"column":0},"end":{"line":640,"column":46}},"640":{"start":{"line":641,"column":0},"end":{"line":641,"column":54}},"641":{"start":{"line":642,"column":0},"end":{"line":642,"column":18}},"642":{"start":{"line":643,"column":0},"end":{"line":643,"column":42}},"643":{"start":{"line":644,"column":0},"end":{"line":644,"column":4}},"644":{"start":{"line":645,"column":0},"end":{"line":645,"column":3}},"645":{"start":{"line":646,"column":0},"end":{"line":646,"column":44}},"646":{"start":{"line":647,"column":0},"end":{"line":647,"column":2}},"647":{"start":{"line":648,"column":0},"end":{"line":648,"column":20}},"648":{"start":{"line":649,"column":0},"end":{"line":649,"column":1}},"653":{"start":{"line":654,"column":0},"end":{"line":654,"column":40}},"654":{"start":{"line":655,"column":0},"end":{"line":655,"column":37}},"655":{"start":{"line":656,"column":0},"end":{"line":656,"column":26}},"656":{"start":{"line":657,"column":0},"end":{"line":657,"column":1}},"658":{"start":{"line":659,"column":0},"end":{"line":659,"column":39}},"659":{"start":{"line":660,"column":0},"end":{"line":660,"column":57}},"660":{"start":{"line":661,"column":0},"end":{"line":661,"column":41}},"661":{"start":{"line":662,"column":0},"end":{"line":662,"column":38}},"662":{"start":{"line":663,"column":0},"end":{"line":663,"column":56}},"663":{"start":{"line":664,"column":0},"end":{"line":664,"column":6}},"664":{"start":{"line":665,"column":0},"end":{"line":665,"column":3}},"665":{"start":{"line":666,"column":0},"end":{"line":666,"column":64}},"666":{"start":{"line":667,"column":0},"end":{"line":667,"column":2}},"667":{"start":{"line":668,"column":0},"end":{"line":668,"column":67}},"668":{"start":{"line":669,"column":0},"end":{"line":669,"column":17}},"669":{"start":{"line":670,"column":0},"end":{"line":670,"column":56}},"670":{"start":{"line":671,"column":0},"end":{"line":671,"column":50}},"671":{"start":{"line":672,"column":0},"end":{"line":672,"column":9}},"672":{"start":{"line":673,"column":0},"end":{"line":673,"column":78}},"673":{"start":{"line":674,"column":0},"end":{"line":674,"column":53}},"674":{"start":{"line":675,"column":0},"end":{"line":675,"column":2}},"675":{"start":{"line":676,"column":0},"end":{"line":676,"column":1}},"677":{"start":{"line":678,"column":0},"end":{"line":678,"column":63}},"678":{"start":{"line":679,"column":0},"end":{"line":679,"column":30}},"679":{"start":{"line":680,"column":0},"end":{"line":680,"column":51}},"680":{"start":{"line":681,"column":0},"end":{"line":681,"column":38}},"681":{"start":{"line":682,"column":0},"end":{"line":682,"column":30}},"682":{"start":{"line":683,"column":0},"end":{"line":683,"column":27}},"683":{"start":{"line":684,"column":0},"end":{"line":684,"column":20}},"684":{"start":{"line":685,"column":0},"end":{"line":685,"column":18}},"685":{"start":{"line":686,"column":0},"end":{"line":686,"column":63}},"686":{"start":{"line":687,"column":0},"end":{"line":687,"column":2}},"687":{"start":{"line":688,"column":0},"end":{"line":688,"column":35}},"688":{"start":{"line":689,"column":0},"end":{"line":689,"column":62}},"689":{"start":{"line":690,"column":0},"end":{"line":690,"column":51}},"690":{"start":{"line":691,"column":0},"end":{"line":691,"column":2}},"691":{"start":{"line":692,"column":0},"end":{"line":692,"column":62}},"692":{"start":{"line":693,"column":0},"end":{"line":693,"column":16}},"693":{"start":{"line":694,"column":0},"end":{"line":694,"column":20}},"694":{"start":{"line":695,"column":0},"end":{"line":695,"column":27}},"695":{"start":{"line":696,"column":0},"end":{"line":696,"column":24}},"696":{"start":{"line":697,"column":0},"end":{"line":697,"column":29}},"697":{"start":{"line":698,"column":0},"end":{"line":698,"column":8}},"698":{"start":{"line":699,"column":0},"end":{"line":699,"column":36}},"699":{"start":{"line":700,"column":0},"end":{"line":700,"column":58}},"700":{"start":{"line":701,"column":0},"end":{"line":701,"column":25}},"701":{"start":{"line":702,"column":0},"end":{"line":702,"column":10}},"702":{"start":{"line":703,"column":0},"end":{"line":703,"column":75}},"704":{"start":{"line":705,"column":0},"end":{"line":705,"column":3}},"705":{"start":{"line":706,"column":0},"end":{"line":706,"column":22}},"706":{"start":{"line":707,"column":0},"end":{"line":707,"column":1}},"708":{"start":{"line":709,"column":0},"end":{"line":709,"column":39}},"709":{"start":{"line":710,"column":0},"end":{"line":710,"column":10}},"710":{"start":{"line":711,"column":0},"end":{"line":711,"column":4}},"712":{"start":{"line":713,"column":0},"end":{"line":713,"column":28}},"713":{"start":{"line":714,"column":0},"end":{"line":714,"column":40}},"714":{"start":{"line":715,"column":0},"end":{"line":715,"column":36}},"715":{"start":{"line":716,"column":0},"end":{"line":716,"column":37}},"716":{"start":{"line":717,"column":0},"end":{"line":717,"column":24}},"717":{"start":{"line":718,"column":0},"end":{"line":718,"column":29}},"718":{"start":{"line":719,"column":0},"end":{"line":719,"column":65}},"719":{"start":{"line":720,"column":0},"end":{"line":720,"column":42}},"720":{"start":{"line":721,"column":0},"end":{"line":721,"column":58}},"721":{"start":{"line":722,"column":0},"end":{"line":722,"column":47}},"722":{"start":{"line":723,"column":0},"end":{"line":723,"column":50}},"723":{"start":{"line":724,"column":0},"end":{"line":724,"column":3}},"724":{"start":{"line":725,"column":0},"end":{"line":725,"column":20}},"725":{"start":{"line":726,"column":0},"end":{"line":726,"column":43}},"726":{"start":{"line":727,"column":0},"end":{"line":727,"column":3}},"727":{"start":{"line":728,"column":0},"end":{"line":728,"column":46}},"728":{"start":{"line":729,"column":0},"end":{"line":729,"column":46}},"729":{"start":{"line":730,"column":0},"end":{"line":730,"column":16}},"730":{"start":{"line":731,"column":0},"end":{"line":731,"column":27}},"731":{"start":{"line":732,"column":0},"end":{"line":732,"column":52}},"732":{"start":{"line":733,"column":0},"end":{"line":733,"column":5}},"733":{"start":{"line":734,"column":0},"end":{"line":734,"column":3}},"734":{"start":{"line":735,"column":0},"end":{"line":735,"column":2}},"735":{"start":{"line":736,"column":0},"end":{"line":736,"column":12}},"736":{"start":{"line":737,"column":0},"end":{"line":737,"column":1}},"738":{"start":{"line":739,"column":0},"end":{"line":739,"column":38}},"739":{"start":{"line":740,"column":0},"end":{"line":740,"column":10}},"740":{"start":{"line":741,"column":0},"end":{"line":741,"column":4}},"742":{"start":{"line":743,"column":0},"end":{"line":743,"column":28}},"743":{"start":{"line":744,"column":0},"end":{"line":744,"column":40}},"744":{"start":{"line":745,"column":0},"end":{"line":745,"column":37}},"745":{"start":{"line":746,"column":0},"end":{"line":746,"column":37}},"746":{"start":{"line":747,"column":0},"end":{"line":747,"column":24}},"747":{"start":{"line":748,"column":0},"end":{"line":748,"column":29}},"748":{"start":{"line":749,"column":0},"end":{"line":749,"column":65}},"749":{"start":{"line":750,"column":0},"end":{"line":750,"column":42}},"750":{"start":{"line":751,"column":0},"end":{"line":751,"column":58}},"751":{"start":{"line":752,"column":0},"end":{"line":752,"column":38}},"752":{"start":{"line":753,"column":0},"end":{"line":753,"column":70}},"753":{"start":{"line":754,"column":0},"end":{"line":754,"column":3}},"754":{"start":{"line":755,"column":0},"end":{"line":755,"column":19}},"755":{"start":{"line":756,"column":0},"end":{"line":756,"column":42}},"756":{"start":{"line":757,"column":0},"end":{"line":757,"column":3}},"757":{"start":{"line":758,"column":0},"end":{"line":758,"column":46}},"758":{"start":{"line":759,"column":0},"end":{"line":759,"column":46}},"759":{"start":{"line":760,"column":0},"end":{"line":760,"column":16}},"760":{"start":{"line":761,"column":0},"end":{"line":761,"column":77}},"761":{"start":{"line":762,"column":0},"end":{"line":762,"column":3}},"762":{"start":{"line":763,"column":0},"end":{"line":763,"column":2}},"763":{"start":{"line":764,"column":0},"end":{"line":764,"column":12}},"764":{"start":{"line":765,"column":0},"end":{"line":765,"column":1}},"766":{"start":{"line":767,"column":0},"end":{"line":767,"column":28}},"767":{"start":{"line":768,"column":0},"end":{"line":768,"column":10}},"768":{"start":{"line":769,"column":0},"end":{"line":769,"column":4}},"770":{"start":{"line":771,"column":0},"end":{"line":771,"column":30}},"771":{"start":{"line":772,"column":0},"end":{"line":772,"column":8}},"772":{"start":{"line":773,"column":0},"end":{"line":773,"column":23}},"773":{"start":{"line":774,"column":0},"end":{"line":774,"column":32}},"774":{"start":{"line":775,"column":0},"end":{"line":775,"column":33}},"775":{"start":{"line":776,"column":0},"end":{"line":776,"column":47}},"777":{"start":{"line":778,"column":0},"end":{"line":778,"column":18}},"778":{"start":{"line":779,"column":0},"end":{"line":779,"column":47}},"779":{"start":{"line":780,"column":0},"end":{"line":780,"column":2}},"782":{"start":{"line":783,"column":0},"end":{"line":783,"column":74}},"784":{"start":{"line":785,"column":0},"end":{"line":785,"column":59}},"785":{"start":{"line":786,"column":0},"end":{"line":786,"column":68}},"786":{"start":{"line":787,"column":0},"end":{"line":787,"column":24}},"787":{"start":{"line":788,"column":0},"end":{"line":788,"column":10}},"788":{"start":{"line":789,"column":0},"end":{"line":789,"column":19}},"789":{"start":{"line":790,"column":0},"end":{"line":790,"column":45}},"790":{"start":{"line":791,"column":0},"end":{"line":791,"column":13}},"791":{"start":{"line":792,"column":0},"end":{"line":792,"column":3}},"792":{"start":{"line":793,"column":0},"end":{"line":793,"column":2}},"794":{"start":{"line":795,"column":0},"end":{"line":795,"column":24}},"795":{"start":{"line":796,"column":0},"end":{"line":796,"column":1}},"797":{"start":{"line":798,"column":0},"end":{"line":798,"column":27}},"798":{"start":{"line":799,"column":0},"end":{"line":799,"column":10}},"799":{"start":{"line":800,"column":0},"end":{"line":800,"column":12}},"800":{"start":{"line":801,"column":0},"end":{"line":801,"column":4}},"803":{"start":{"line":804,"column":0},"end":{"line":804,"column":29}},"804":{"start":{"line":805,"column":0},"end":{"line":805,"column":8}},"805":{"start":{"line":806,"column":0},"end":{"line":806,"column":30}},"806":{"start":{"line":807,"column":0},"end":{"line":807,"column":15}},"807":{"start":{"line":808,"column":0},"end":{"line":808,"column":33}},"808":{"start":{"line":809,"column":0},"end":{"line":809,"column":40}},"810":{"start":{"line":811,"column":0},"end":{"line":811,"column":20}},"811":{"start":{"line":812,"column":0},"end":{"line":812,"column":53}},"812":{"start":{"line":813,"column":0},"end":{"line":813,"column":2}},"813":{"start":{"line":814,"column":0},"end":{"line":814,"column":78}},"814":{"start":{"line":815,"column":0},"end":{"line":815,"column":28}},"815":{"start":{"line":816,"column":0},"end":{"line":816,"column":2}},"816":{"start":{"line":817,"column":0},"end":{"line":817,"column":25}},"817":{"start":{"line":818,"column":0},"end":{"line":818,"column":61}},"818":{"start":{"line":819,"column":0},"end":{"line":819,"column":9}},"819":{"start":{"line":820,"column":0},"end":{"line":820,"column":25}},"820":{"start":{"line":821,"column":0},"end":{"line":821,"column":2}},"821":{"start":{"line":822,"column":0},"end":{"line":822,"column":1}},"823":{"start":{"line":824,"column":0},"end":{"line":824,"column":40}},"824":{"start":{"line":825,"column":0},"end":{"line":825,"column":9}},"825":{"start":{"line":826,"column":0},"end":{"line":826,"column":9}},"826":{"start":{"line":827,"column":0},"end":{"line":827,"column":58}},"827":{"start":{"line":828,"column":0},"end":{"line":828,"column":65}},"828":{"start":{"line":829,"column":0},"end":{"line":829,"column":49}},"829":{"start":{"line":830,"column":0},"end":{"line":830,"column":40}},"831":{"start":{"line":832,"column":0},"end":{"line":832,"column":36}},"832":{"start":{"line":833,"column":0},"end":{"line":833,"column":45}},"833":{"start":{"line":834,"column":0},"end":{"line":834,"column":8}},"834":{"start":{"line":835,"column":0},"end":{"line":835,"column":57}},"835":{"start":{"line":836,"column":0},"end":{"line":836,"column":19}},"836":{"start":{"line":837,"column":0},"end":{"line":837,"column":6}},"837":{"start":{"line":838,"column":0},"end":{"line":838,"column":28}},"838":{"start":{"line":839,"column":0},"end":{"line":839,"column":27}},"840":{"start":{"line":841,"column":0},"end":{"line":841,"column":10}},"841":{"start":{"line":842,"column":0},"end":{"line":842,"column":70}},"842":{"start":{"line":843,"column":0},"end":{"line":843,"column":10}},"843":{"start":{"line":844,"column":0},"end":{"line":844,"column":34}},"844":{"start":{"line":845,"column":0},"end":{"line":845,"column":24}},"845":{"start":{"line":846,"column":0},"end":{"line":846,"column":17}},"846":{"start":{"line":847,"column":0},"end":{"line":847,"column":19}},"847":{"start":{"line":848,"column":0},"end":{"line":848,"column":4}},"848":{"start":{"line":849,"column":0},"end":{"line":849,"column":30}},"849":{"start":{"line":850,"column":0},"end":{"line":850,"column":50}},"850":{"start":{"line":851,"column":0},"end":{"line":851,"column":32}},"852":{"start":{"line":853,"column":0},"end":{"line":853,"column":47}},"853":{"start":{"line":854,"column":0},"end":{"line":854,"column":41}},"854":{"start":{"line":855,"column":0},"end":{"line":855,"column":26}},"855":{"start":{"line":856,"column":0},"end":{"line":856,"column":58}},"856":{"start":{"line":857,"column":0},"end":{"line":857,"column":76}},"857":{"start":{"line":858,"column":0},"end":{"line":858,"column":45}},"858":{"start":{"line":859,"column":0},"end":{"line":859,"column":56}},"859":{"start":{"line":860,"column":0},"end":{"line":860,"column":5}},"861":{"start":{"line":862,"column":0},"end":{"line":862,"column":52}},"862":{"start":{"line":863,"column":0},"end":{"line":863,"column":46}},"863":{"start":{"line":864,"column":0},"end":{"line":864,"column":4}},"864":{"start":{"line":865,"column":0},"end":{"line":865,"column":76}},"865":{"start":{"line":866,"column":0},"end":{"line":866,"column":28}},"867":{"start":{"line":868,"column":0},"end":{"line":868,"column":46}},"868":{"start":{"line":869,"column":0},"end":{"line":869,"column":11}},"869":{"start":{"line":870,"column":0},"end":{"line":870,"column":9}},"870":{"start":{"line":871,"column":0},"end":{"line":871,"column":25}},"871":{"start":{"line":872,"column":0},"end":{"line":872,"column":9}},"872":{"start":{"line":873,"column":0},"end":{"line":873,"column":61}},"873":{"start":{"line":874,"column":0},"end":{"line":874,"column":28}},"874":{"start":{"line":875,"column":0},"end":{"line":875,"column":40}},"875":{"start":{"line":876,"column":0},"end":{"line":876,"column":39}},"876":{"start":{"line":877,"column":0},"end":{"line":877,"column":8}},"877":{"start":{"line":878,"column":0},"end":{"line":878,"column":6}},"878":{"start":{"line":879,"column":0},"end":{"line":879,"column":10}},"879":{"start":{"line":880,"column":0},"end":{"line":880,"column":53}},"880":{"start":{"line":881,"column":0},"end":{"line":881,"column":12}},"881":{"start":{"line":882,"column":0},"end":{"line":882,"column":43}},"882":{"start":{"line":883,"column":0},"end":{"line":883,"column":9}},"883":{"start":{"line":884,"column":0},"end":{"line":884,"column":8}},"884":{"start":{"line":885,"column":0},"end":{"line":885,"column":43}},"885":{"start":{"line":886,"column":0},"end":{"line":886,"column":29}},"886":{"start":{"line":887,"column":0},"end":{"line":887,"column":11}},"887":{"start":{"line":888,"column":0},"end":{"line":888,"column":10}},"888":{"start":{"line":889,"column":0},"end":{"line":889,"column":7}},"889":{"start":{"line":890,"column":0},"end":{"line":890,"column":28}},"890":{"start":{"line":891,"column":0},"end":{"line":891,"column":4}},"891":{"start":{"line":892,"column":0},"end":{"line":892,"column":22}},"892":{"start":{"line":893,"column":0},"end":{"line":893,"column":22}},"893":{"start":{"line":894,"column":0},"end":{"line":894,"column":13}},"894":{"start":{"line":895,"column":0},"end":{"line":895,"column":3}},"895":{"start":{"line":896,"column":0},"end":{"line":896,"column":1}},"897":{"start":{"line":898,"column":0},"end":{"line":898,"column":37}},"898":{"start":{"line":899,"column":0},"end":{"line":899,"column":18}},"899":{"start":{"line":900,"column":0},"end":{"line":900,"column":15}},"900":{"start":{"line":901,"column":0},"end":{"line":901,"column":19}},"901":{"start":{"line":902,"column":0},"end":{"line":902,"column":24}},"902":{"start":{"line":903,"column":0},"end":{"line":903,"column":40}},"903":{"start":{"line":904,"column":0},"end":{"line":904,"column":49}},"904":{"start":{"line":905,"column":0},"end":{"line":905,"column":36}},"905":{"start":{"line":906,"column":0},"end":{"line":906,"column":14}},"906":{"start":{"line":907,"column":0},"end":{"line":907,"column":2}},"907":{"start":{"line":908,"column":0},"end":{"line":908,"column":34}},"908":{"start":{"line":909,"column":0},"end":{"line":909,"column":32}},"909":{"start":{"line":910,"column":0},"end":{"line":910,"column":23}},"910":{"start":{"line":911,"column":0},"end":{"line":911,"column":44}},"911":{"start":{"line":912,"column":0},"end":{"line":912,"column":9}},"912":{"start":{"line":913,"column":0},"end":{"line":913,"column":7}},"913":{"start":{"line":914,"column":0},"end":{"line":914,"column":7}},"914":{"start":{"line":915,"column":0},"end":{"line":915,"column":11}},"915":{"start":{"line":916,"column":0},"end":{"line":916,"column":72}},"916":{"start":{"line":917,"column":0},"end":{"line":917,"column":8}},"917":{"start":{"line":918,"column":0},"end":{"line":918,"column":51}},"918":{"start":{"line":919,"column":0},"end":{"line":919,"column":10}},"919":{"start":{"line":920,"column":0},"end":{"line":920,"column":41}},"920":{"start":{"line":921,"column":0},"end":{"line":921,"column":40}},"921":{"start":{"line":922,"column":0},"end":{"line":922,"column":50}},"922":{"start":{"line":923,"column":0},"end":{"line":923,"column":41}},"923":{"start":{"line":924,"column":0},"end":{"line":924,"column":12}},"924":{"start":{"line":925,"column":0},"end":{"line":925,"column":9}},"925":{"start":{"line":926,"column":0},"end":{"line":926,"column":8}},"926":{"start":{"line":927,"column":0},"end":{"line":927,"column":5}},"927":{"start":{"line":928,"column":0},"end":{"line":928,"column":23}},"928":{"start":{"line":929,"column":0},"end":{"line":929,"column":1}},"930":{"start":{"line":931,"column":0},"end":{"line":931,"column":31}},"931":{"start":{"line":932,"column":0},"end":{"line":932,"column":9}},"932":{"start":{"line":933,"column":0},"end":{"line":933,"column":9}},"933":{"start":{"line":934,"column":0},"end":{"line":934,"column":55}},"934":{"start":{"line":935,"column":0},"end":{"line":935,"column":61}},"935":{"start":{"line":936,"column":0},"end":{"line":936,"column":60}},"936":{"start":{"line":937,"column":0},"end":{"line":937,"column":28}},"937":{"start":{"line":938,"column":0},"end":{"line":938,"column":2}},"939":{"start":{"line":940,"column":0},"end":{"line":940,"column":42}},"941":{"start":{"line":942,"column":0},"end":{"line":942,"column":40}},"942":{"start":{"line":943,"column":0},"end":{"line":943,"column":47}},"943":{"start":{"line":944,"column":0},"end":{"line":944,"column":38}},"944":{"start":{"line":945,"column":0},"end":{"line":945,"column":38}},"945":{"start":{"line":946,"column":0},"end":{"line":946,"column":7}},"946":{"start":{"line":947,"column":0},"end":{"line":947,"column":26}},"947":{"start":{"line":948,"column":0},"end":{"line":948,"column":28}},"949":{"start":{"line":950,"column":0},"end":{"line":950,"column":11}},"950":{"start":{"line":951,"column":0},"end":{"line":951,"column":66}},"951":{"start":{"line":952,"column":0},"end":{"line":952,"column":11}},"952":{"start":{"line":953,"column":0},"end":{"line":953,"column":73}},"953":{"start":{"line":954,"column":0},"end":{"line":954,"column":31}},"954":{"start":{"line":955,"column":0},"end":{"line":955,"column":67}},"955":{"start":{"line":956,"column":0},"end":{"line":956,"column":17}},"956":{"start":{"line":957,"column":0},"end":{"line":957,"column":26}},"957":{"start":{"line":958,"column":0},"end":{"line":958,"column":17}},"958":{"start":{"line":959,"column":0},"end":{"line":959,"column":7}},"959":{"start":{"line":960,"column":0},"end":{"line":960,"column":5}},"960":{"start":{"line":961,"column":0},"end":{"line":961,"column":5}},"961":{"start":{"line":962,"column":0},"end":{"line":962,"column":4}},"962":{"start":{"line":963,"column":0},"end":{"line":963,"column":46}},"963":{"start":{"line":964,"column":0},"end":{"line":964,"column":2}},"965":{"start":{"line":966,"column":0},"end":{"line":966,"column":19}},"966":{"start":{"line":967,"column":0},"end":{"line":967,"column":1}},"968":{"start":{"line":969,"column":0},"end":{"line":969,"column":38}},"969":{"start":{"line":970,"column":0},"end":{"line":970,"column":18}},"970":{"start":{"line":971,"column":0},"end":{"line":971,"column":19}},"971":{"start":{"line":972,"column":0},"end":{"line":972,"column":32}},"972":{"start":{"line":973,"column":0},"end":{"line":973,"column":40}},"973":{"start":{"line":974,"column":0},"end":{"line":974,"column":60}},"974":{"start":{"line":975,"column":0},"end":{"line":975,"column":60}},"975":{"start":{"line":976,"column":0},"end":{"line":976,"column":33}},"977":{"start":{"line":978,"column":0},"end":{"line":978,"column":34}},"978":{"start":{"line":979,"column":0},"end":{"line":979,"column":36}},"979":{"start":{"line":980,"column":0},"end":{"line":980,"column":23}},"980":{"start":{"line":981,"column":0},"end":{"line":981,"column":28}},"981":{"start":{"line":982,"column":0},"end":{"line":982,"column":65}},"982":{"start":{"line":983,"column":0},"end":{"line":983,"column":49}},"983":{"start":{"line":984,"column":0},"end":{"line":984,"column":36}},"984":{"start":{"line":985,"column":0},"end":{"line":985,"column":14}},"985":{"start":{"line":986,"column":0},"end":{"line":986,"column":2}},"986":{"start":{"line":987,"column":0},"end":{"line":987,"column":42}},"987":{"start":{"line":988,"column":0},"end":{"line":988,"column":11}},"988":{"start":{"line":989,"column":0},"end":{"line":989,"column":3}},"989":{"start":{"line":990,"column":0},"end":{"line":990,"column":63}},"990":{"start":{"line":991,"column":0},"end":{"line":991,"column":40}},"991":{"start":{"line":992,"column":0},"end":{"line":992,"column":28}},"992":{"start":{"line":993,"column":0},"end":{"line":993,"column":39}},"993":{"start":{"line":994,"column":0},"end":{"line":994,"column":3}},"994":{"start":{"line":995,"column":0},"end":{"line":995,"column":44}},"995":{"start":{"line":996,"column":0},"end":{"line":996,"column":9}},"996":{"start":{"line":997,"column":0},"end":{"line":997,"column":7}},"997":{"start":{"line":998,"column":0},"end":{"line":998,"column":8}},"998":{"start":{"line":999,"column":0},"end":{"line":999,"column":51}},"999":{"start":{"line":1000,"column":0},"end":{"line":1000,"column":19}},"1000":{"start":{"line":1001,"column":0},"end":{"line":1001,"column":14}},"1001":{"start":{"line":1002,"column":0},"end":{"line":1002,"column":17}},"1002":{"start":{"line":1003,"column":0},"end":{"line":1003,"column":13}},"1003":{"start":{"line":1004,"column":0},"end":{"line":1004,"column":10}},"1004":{"start":{"line":1005,"column":0},"end":{"line":1005,"column":11}},"1005":{"start":{"line":1006,"column":0},"end":{"line":1006,"column":72}},"1006":{"start":{"line":1007,"column":0},"end":{"line":1007,"column":41}},"1007":{"start":{"line":1008,"column":0},"end":{"line":1008,"column":7}},"1008":{"start":{"line":1009,"column":0},"end":{"line":1009,"column":6}},"1009":{"start":{"line":1010,"column":0},"end":{"line":1010,"column":41}},"1010":{"start":{"line":1011,"column":0},"end":{"line":1011,"column":12}},"1011":{"start":{"line":1012,"column":0},"end":{"line":1012,"column":9}},"1012":{"start":{"line":1013,"column":0},"end":{"line":1013,"column":20}},"1013":{"start":{"line":1014,"column":0},"end":{"line":1014,"column":5}},"1014":{"start":{"line":1015,"column":0},"end":{"line":1015,"column":24}},"1015":{"start":{"line":1016,"column":0},"end":{"line":1016,"column":1}},"1017":{"start":{"line":1018,"column":0},"end":{"line":1018,"column":32}},"1018":{"start":{"line":1019,"column":0},"end":{"line":1019,"column":9}},"1019":{"start":{"line":1020,"column":0},"end":{"line":1020,"column":9}},"1020":{"start":{"line":1021,"column":0},"end":{"line":1021,"column":56}},"1021":{"start":{"line":1022,"column":0},"end":{"line":1022,"column":63}},"1022":{"start":{"line":1023,"column":0},"end":{"line":1023,"column":45}},"1023":{"start":{"line":1024,"column":0},"end":{"line":1024,"column":44}},"1025":{"start":{"line":1026,"column":0},"end":{"line":1026,"column":42}},"1026":{"start":{"line":1027,"column":0},"end":{"line":1027,"column":39}},"1027":{"start":{"line":1028,"column":0},"end":{"line":1028,"column":20}},"1028":{"start":{"line":1029,"column":0},"end":{"line":1029,"column":27}},"1029":{"start":{"line":1030,"column":0},"end":{"line":1030,"column":11}},"1030":{"start":{"line":1031,"column":0},"end":{"line":1031,"column":68}},"1031":{"start":{"line":1032,"column":0},"end":{"line":1032,"column":11}},"1032":{"start":{"line":1033,"column":0},"end":{"line":1033,"column":28}},"1034":{"start":{"line":1035,"column":0},"end":{"line":1035,"column":35}},"1035":{"start":{"line":1036,"column":0},"end":{"line":1036,"column":38}},"1036":{"start":{"line":1037,"column":0},"end":{"line":1037,"column":16}},"1037":{"start":{"line":1038,"column":0},"end":{"line":1038,"column":5}},"1038":{"start":{"line":1039,"column":0},"end":{"line":1039,"column":31}},"1039":{"start":{"line":1040,"column":0},"end":{"line":1040,"column":74}},"1040":{"start":{"line":1041,"column":0},"end":{"line":1041,"column":25}},"1041":{"start":{"line":1042,"column":0},"end":{"line":1042,"column":16}},"1042":{"start":{"line":1043,"column":0},"end":{"line":1043,"column":6}},"1043":{"start":{"line":1044,"column":0},"end":{"line":1044,"column":5}},"1044":{"start":{"line":1045,"column":0},"end":{"line":1045,"column":4}},"1045":{"start":{"line":1046,"column":0},"end":{"line":1046,"column":49}},"1046":{"start":{"line":1047,"column":0},"end":{"line":1047,"column":2}},"1048":{"start":{"line":1049,"column":0},"end":{"line":1049,"column":20}},"1049":{"start":{"line":1050,"column":0},"end":{"line":1050,"column":1}},"1051":{"start":{"line":1052,"column":0},"end":{"line":1052,"column":37}},"1052":{"start":{"line":1053,"column":0},"end":{"line":1053,"column":18}},"1053":{"start":{"line":1054,"column":0},"end":{"line":1054,"column":19}},"1054":{"start":{"line":1055,"column":0},"end":{"line":1055,"column":31}},"1055":{"start":{"line":1056,"column":0},"end":{"line":1056,"column":40}},"1056":{"start":{"line":1057,"column":0},"end":{"line":1057,"column":60}},"1057":{"start":{"line":1058,"column":0},"end":{"line":1058,"column":60}},"1058":{"start":{"line":1059,"column":0},"end":{"line":1059,"column":33}},"1060":{"start":{"line":1061,"column":0},"end":{"line":1061,"column":34}},"1061":{"start":{"line":1062,"column":0},"end":{"line":1062,"column":36}},"1062":{"start":{"line":1063,"column":0},"end":{"line":1063,"column":23}},"1063":{"start":{"line":1064,"column":0},"end":{"line":1064,"column":28}},"1064":{"start":{"line":1065,"column":0},"end":{"line":1065,"column":65}},"1065":{"start":{"line":1066,"column":0},"end":{"line":1066,"column":49}},"1066":{"start":{"line":1067,"column":0},"end":{"line":1067,"column":36}},"1067":{"start":{"line":1068,"column":0},"end":{"line":1068,"column":14}},"1068":{"start":{"line":1069,"column":0},"end":{"line":1069,"column":2}},"1069":{"start":{"line":1070,"column":0},"end":{"line":1070,"column":44}},"1070":{"start":{"line":1071,"column":0},"end":{"line":1071,"column":11}},"1071":{"start":{"line":1072,"column":0},"end":{"line":1072,"column":3}},"1072":{"start":{"line":1073,"column":0},"end":{"line":1073,"column":66}},"1073":{"start":{"line":1074,"column":0},"end":{"line":1074,"column":40}},"1074":{"start":{"line":1075,"column":0},"end":{"line":1075,"column":28}},"1075":{"start":{"line":1076,"column":0},"end":{"line":1076,"column":39}},"1076":{"start":{"line":1077,"column":0},"end":{"line":1077,"column":3}},"1077":{"start":{"line":1078,"column":0},"end":{"line":1078,"column":44}},"1078":{"start":{"line":1079,"column":0},"end":{"line":1079,"column":9}},"1079":{"start":{"line":1080,"column":0},"end":{"line":1080,"column":15}},"1080":{"start":{"line":1081,"column":0},"end":{"line":1081,"column":7}},"1081":{"start":{"line":1082,"column":0},"end":{"line":1082,"column":8}},"1082":{"start":{"line":1083,"column":0},"end":{"line":1083,"column":51}},"1083":{"start":{"line":1084,"column":0},"end":{"line":1084,"column":18}},"1084":{"start":{"line":1085,"column":0},"end":{"line":1085,"column":17}},"1085":{"start":{"line":1086,"column":0},"end":{"line":1086,"column":13}},"1086":{"start":{"line":1087,"column":0},"end":{"line":1087,"column":10}},"1087":{"start":{"line":1088,"column":0},"end":{"line":1088,"column":11}},"1088":{"start":{"line":1089,"column":0},"end":{"line":1089,"column":72}},"1089":{"start":{"line":1090,"column":0},"end":{"line":1090,"column":41}},"1090":{"start":{"line":1091,"column":0},"end":{"line":1091,"column":7}},"1091":{"start":{"line":1092,"column":0},"end":{"line":1092,"column":6}},"1092":{"start":{"line":1093,"column":0},"end":{"line":1093,"column":41}},"1093":{"start":{"line":1094,"column":0},"end":{"line":1094,"column":12}},"1094":{"start":{"line":1095,"column":0},"end":{"line":1095,"column":9}},"1095":{"start":{"line":1096,"column":0},"end":{"line":1096,"column":19}},"1096":{"start":{"line":1097,"column":0},"end":{"line":1097,"column":5}},"1097":{"start":{"line":1098,"column":0},"end":{"line":1098,"column":23}},"1098":{"start":{"line":1099,"column":0},"end":{"line":1099,"column":1}},"1100":{"start":{"line":1101,"column":0},"end":{"line":1101,"column":31}},"1101":{"start":{"line":1102,"column":0},"end":{"line":1102,"column":9}},"1102":{"start":{"line":1103,"column":0},"end":{"line":1103,"column":9}},"1103":{"start":{"line":1104,"column":0},"end":{"line":1104,"column":55}},"1104":{"start":{"line":1105,"column":0},"end":{"line":1105,"column":63}},"1105":{"start":{"line":1106,"column":0},"end":{"line":1106,"column":43}},"1106":{"start":{"line":1107,"column":0},"end":{"line":1107,"column":42}},"1107":{"start":{"line":1108,"column":0},"end":{"line":1108,"column":40}},"1108":{"start":{"line":1109,"column":0},"end":{"line":1109,"column":69}},"1109":{"start":{"line":1110,"column":0},"end":{"line":1110,"column":38}},"1110":{"start":{"line":1111,"column":0},"end":{"line":1111,"column":19}},"1111":{"start":{"line":1112,"column":0},"end":{"line":1112,"column":26}},"1112":{"start":{"line":1113,"column":0},"end":{"line":1113,"column":11}},"1113":{"start":{"line":1114,"column":0},"end":{"line":1114,"column":67}},"1114":{"start":{"line":1115,"column":0},"end":{"line":1115,"column":11}},"1115":{"start":{"line":1116,"column":0},"end":{"line":1116,"column":28}},"1117":{"start":{"line":1118,"column":0},"end":{"line":1118,"column":35}},"1118":{"start":{"line":1119,"column":0},"end":{"line":1119,"column":36}},"1119":{"start":{"line":1120,"column":0},"end":{"line":1120,"column":15}},"1120":{"start":{"line":1121,"column":0},"end":{"line":1121,"column":16}},"1121":{"start":{"line":1122,"column":0},"end":{"line":1122,"column":5}},"1122":{"start":{"line":1123,"column":0},"end":{"line":1123,"column":31}},"1123":{"start":{"line":1124,"column":0},"end":{"line":1124,"column":63}},"1124":{"start":{"line":1125,"column":0},"end":{"line":1125,"column":25}},"1125":{"start":{"line":1126,"column":0},"end":{"line":1126,"column":16}},"1126":{"start":{"line":1127,"column":0},"end":{"line":1127,"column":6}},"1127":{"start":{"line":1128,"column":0},"end":{"line":1128,"column":5}},"1128":{"start":{"line":1129,"column":0},"end":{"line":1129,"column":4}},"1129":{"start":{"line":1130,"column":0},"end":{"line":1130,"column":46}},"1130":{"start":{"line":1131,"column":0},"end":{"line":1131,"column":2}},"1131":{"start":{"line":1132,"column":0},"end":{"line":1132,"column":19}},"1132":{"start":{"line":1133,"column":0},"end":{"line":1133,"column":1}},"1134":{"start":{"line":1135,"column":0},"end":{"line":1135,"column":34}},"1135":{"start":{"line":1136,"column":0},"end":{"line":1136,"column":33}},"1136":{"start":{"line":1137,"column":0},"end":{"line":1137,"column":45}},"1137":{"start":{"line":1138,"column":0},"end":{"line":1138,"column":3}},"1138":{"start":{"line":1139,"column":0},"end":{"line":1139,"column":59}},"1139":{"start":{"line":1140,"column":0},"end":{"line":1140,"column":74}},"1140":{"start":{"line":1141,"column":0},"end":{"line":1141,"column":1}},"1142":{"start":{"line":1143,"column":0},"end":{"line":1143,"column":38}},"1143":{"start":{"line":1144,"column":0},"end":{"line":1144,"column":33}},"1144":{"start":{"line":1145,"column":0},"end":{"line":1145,"column":45}},"1145":{"start":{"line":1146,"column":0},"end":{"line":1146,"column":3}},"1146":{"start":{"line":1147,"column":0},"end":{"line":1147,"column":73}},"1147":{"start":{"line":1148,"column":0},"end":{"line":1148,"column":17}},"1148":{"start":{"line":1149,"column":0},"end":{"line":1149,"column":35}},"1149":{"start":{"line":1150,"column":0},"end":{"line":1150,"column":15}},"1150":{"start":{"line":1151,"column":0},"end":{"line":1151,"column":62}},"1151":{"start":{"line":1152,"column":0},"end":{"line":1152,"column":4}},"1152":{"start":{"line":1153,"column":0},"end":{"line":1153,"column":2}},"1153":{"start":{"line":1154,"column":0},"end":{"line":1154,"column":16}},"1154":{"start":{"line":1155,"column":0},"end":{"line":1155,"column":1}},"1156":{"start":{"line":1157,"column":0},"end":{"line":1157,"column":41}},"1157":{"start":{"line":1158,"column":0},"end":{"line":1158,"column":46}},"1158":{"start":{"line":1159,"column":0},"end":{"line":1159,"column":45}},"1159":{"start":{"line":1160,"column":0},"end":{"line":1160,"column":3}},"1160":{"start":{"line":1161,"column":0},"end":{"line":1161,"column":63}},"1161":{"start":{"line":1162,"column":0},"end":{"line":1162,"column":12}},"1162":{"start":{"line":1163,"column":0},"end":{"line":1163,"column":50}},"1163":{"start":{"line":1164,"column":0},"end":{"line":1164,"column":2}},"1164":{"start":{"line":1165,"column":0},"end":{"line":1165,"column":11}},"1165":{"start":{"line":1166,"column":0},"end":{"line":1166,"column":1}},"1167":{"start":{"line":1168,"column":0},"end":{"line":1168,"column":42}},"1168":{"start":{"line":1169,"column":0},"end":{"line":1169,"column":62}},"1169":{"start":{"line":1170,"column":0},"end":{"line":1170,"column":44}},"1170":{"start":{"line":1171,"column":0},"end":{"line":1171,"column":40}},"1171":{"start":{"line":1172,"column":0},"end":{"line":1172,"column":2}},"1173":{"start":{"line":1174,"column":0},"end":{"line":1174,"column":37}},"1174":{"start":{"line":1175,"column":0},"end":{"line":1175,"column":10}},"1179":{"start":{"line":1180,"column":0},"end":{"line":1180,"column":45}},"1180":{"start":{"line":1181,"column":0},"end":{"line":1181,"column":3}},"1181":{"start":{"line":1182,"column":0},"end":{"line":1182,"column":57}},"1182":{"start":{"line":1183,"column":0},"end":{"line":1183,"column":23}},"1183":{"start":{"line":1184,"column":0},"end":{"line":1184,"column":13}},"1184":{"start":{"line":1185,"column":0},"end":{"line":1185,"column":2}},"1185":{"start":{"line":1186,"column":0},"end":{"line":1186,"column":57}},"1187":{"start":{"line":1188,"column":0},"end":{"line":1188,"column":77}},"1188":{"start":{"line":1189,"column":0},"end":{"line":1189,"column":41}},"1189":{"start":{"line":1190,"column":0},"end":{"line":1190,"column":37}},"1190":{"start":{"line":1191,"column":0},"end":{"line":1191,"column":10}},"1191":{"start":{"line":1192,"column":0},"end":{"line":1192,"column":43}},"1192":{"start":{"line":1193,"column":0},"end":{"line":1193,"column":35}},"1193":{"start":{"line":1194,"column":0},"end":{"line":1194,"column":20}},"1195":{"start":{"line":1196,"column":0},"end":{"line":1196,"column":3}},"1196":{"start":{"line":1197,"column":0},"end":{"line":1197,"column":20}},"1197":{"start":{"line":1198,"column":0},"end":{"line":1198,"column":13}},"1198":{"start":{"line":1199,"column":0},"end":{"line":1199,"column":2}},"1199":{"start":{"line":1200,"column":0},"end":{"line":1200,"column":19}},"1200":{"start":{"line":1201,"column":0},"end":{"line":1201,"column":1}},"1202":{"start":{"line":1203,"column":0},"end":{"line":1203,"column":35}},"1203":{"start":{"line":1204,"column":0},"end":{"line":1204,"column":14}},"1204":{"start":{"line":1205,"column":0},"end":{"line":1205,"column":45}},"1205":{"start":{"line":1206,"column":0},"end":{"line":1206,"column":3}},"1206":{"start":{"line":1207,"column":0},"end":{"line":1207,"column":49}},"1207":{"start":{"line":1208,"column":0},"end":{"line":1208,"column":41}},"1208":{"start":{"line":1209,"column":0},"end":{"line":1209,"column":1}},"1210":{"start":{"line":1211,"column":0},"end":{"line":1211,"column":41}},"1211":{"start":{"line":1212,"column":0},"end":{"line":1212,"column":22}},"1212":{"start":{"line":1213,"column":0},"end":{"line":1213,"column":45}},"1213":{"start":{"line":1214,"column":0},"end":{"line":1214,"column":3}},"1214":{"start":{"line":1215,"column":0},"end":{"line":1215,"column":77}},"1215":{"start":{"line":1216,"column":0},"end":{"line":1216,"column":57}},"1216":{"start":{"line":1217,"column":0},"end":{"line":1217,"column":20}},"1217":{"start":{"line":1218,"column":0},"end":{"line":1218,"column":51}},"1218":{"start":{"line":1219,"column":0},"end":{"line":1219,"column":2}},"1219":{"start":{"line":1220,"column":0},"end":{"line":1220,"column":32}},"1220":{"start":{"line":1221,"column":0},"end":{"line":1221,"column":32}},"1221":{"start":{"line":1222,"column":0},"end":{"line":1222,"column":1}},"1223":{"start":{"line":1224,"column":0},"end":{"line":1224,"column":41}},"1224":{"start":{"line":1225,"column":0},"end":{"line":1225,"column":22}},"1225":{"start":{"line":1226,"column":0},"end":{"line":1226,"column":45}},"1226":{"start":{"line":1227,"column":0},"end":{"line":1227,"column":3}},"1227":{"start":{"line":1228,"column":0},"end":{"line":1228,"column":77}},"1229":{"start":{"line":1230,"column":0},"end":{"line":1230,"column":57}},"1230":{"start":{"line":1231,"column":0},"end":{"line":1231,"column":20}},"1231":{"start":{"line":1232,"column":0},"end":{"line":1232,"column":51}},"1232":{"start":{"line":1233,"column":0},"end":{"line":1233,"column":2}},"1233":{"start":{"line":1234,"column":0},"end":{"line":1234,"column":32}},"1234":{"start":{"line":1235,"column":0},"end":{"line":1235,"column":32}},"1235":{"start":{"line":1236,"column":0},"end":{"line":1236,"column":1}},"1236":{"start":{"line":1237,"column":0},"end":{"line":1237,"column":32}},"1237":{"start":{"line":1238,"column":0},"end":{"line":1238,"column":22}},"1238":{"start":{"line":1239,"column":0},"end":{"line":1239,"column":2}},"1239":{"start":{"line":1240,"column":0},"end":{"line":1240,"column":11}},"1240":{"start":{"line":1241,"column":0},"end":{"line":1241,"column":15}},"1241":{"start":{"line":1242,"column":0},"end":{"line":1242,"column":63}},"1242":{"start":{"line":1243,"column":0},"end":{"line":1243,"column":3}},"1243":{"start":{"line":1244,"column":0},"end":{"line":1244,"column":70}},"1244":{"start":{"line":1245,"column":0},"end":{"line":1245,"column":62}},"1245":{"start":{"line":1246,"column":0},"end":{"line":1246,"column":72}},"1246":{"start":{"line":1247,"column":0},"end":{"line":1247,"column":51}},"1248":{"start":{"line":1249,"column":0},"end":{"line":1249,"column":20}},"1251":{"start":{"line":1252,"column":0},"end":{"line":1252,"column":29}},"1252":{"start":{"line":1253,"column":0},"end":{"line":1253,"column":29}},"1253":{"start":{"line":1254,"column":0},"end":{"line":1254,"column":2}},"1255":{"start":{"line":1256,"column":0},"end":{"line":1256,"column":46}},"1256":{"start":{"line":1257,"column":0},"end":{"line":1257,"column":75}},"1257":{"start":{"line":1258,"column":0},"end":{"line":1258,"column":1}},"1262":{"start":{"line":1263,"column":0},"end":{"line":1263,"column":56}},"1263":{"start":{"line":1264,"column":0},"end":{"line":1264,"column":29}},"1264":{"start":{"line":1265,"column":0},"end":{"line":1265,"column":61}},"1265":{"start":{"line":1266,"column":0},"end":{"line":1266,"column":1}},"1267":{"start":{"line":1268,"column":0},"end":{"line":1268,"column":40}},"1268":{"start":{"line":1269,"column":0},"end":{"line":1269,"column":55}},"1269":{"start":{"line":1270,"column":0},"end":{"line":1270,"column":70}},"1271":{"start":{"line":1272,"column":0},"end":{"line":1272,"column":11}},"1272":{"start":{"line":1273,"column":0},"end":{"line":1273,"column":33}},"1273":{"start":{"line":1274,"column":0},"end":{"line":1274,"column":75}},"1274":{"start":{"line":1275,"column":0},"end":{"line":1275,"column":2}},"1276":{"start":{"line":1277,"column":0},"end":{"line":1277,"column":65}},"1277":{"start":{"line":1278,"column":0},"end":{"line":1278,"column":78}},"1278":{"start":{"line":1279,"column":0},"end":{"line":1279,"column":45}},"1279":{"start":{"line":1280,"column":0},"end":{"line":1280,"column":20}},"1281":{"start":{"line":1282,"column":0},"end":{"line":1282,"column":52}},"1282":{"start":{"line":1283,"column":0},"end":{"line":1283,"column":71}},"1284":{"start":{"line":1285,"column":0},"end":{"line":1285,"column":49}},"1285":{"start":{"line":1286,"column":0},"end":{"line":1286,"column":22}},"1286":{"start":{"line":1287,"column":0},"end":{"line":1287,"column":14}},"1287":{"start":{"line":1288,"column":0},"end":{"line":1288,"column":2}},"1288":{"start":{"line":1289,"column":0},"end":{"line":1289,"column":54}},"1289":{"start":{"line":1290,"column":0},"end":{"line":1290,"column":26}},"1290":{"start":{"line":1291,"column":0},"end":{"line":1291,"column":33}},"1291":{"start":{"line":1292,"column":0},"end":{"line":1292,"column":4}},"1298":{"start":{"line":1299,"column":0},"end":{"line":1299,"column":12}},"1299":{"start":{"line":1300,"column":0},"end":{"line":1300,"column":3}},"1300":{"start":{"line":1301,"column":0},"end":{"line":1301,"column":2}},"1301":{"start":{"line":1302,"column":0},"end":{"line":1302,"column":20}},"1302":{"start":{"line":1303,"column":0},"end":{"line":1303,"column":16}},"1303":{"start":{"line":1304,"column":0},"end":{"line":1304,"column":57}},"1304":{"start":{"line":1305,"column":0},"end":{"line":1305,"column":2}},"1305":{"start":{"line":1306,"column":0},"end":{"line":1306,"column":1}},"1307":{"start":{"line":1308,"column":0},"end":{"line":1308,"column":36}},"1308":{"start":{"line":1309,"column":0},"end":{"line":1309,"column":16}},"1309":{"start":{"line":1310,"column":0},"end":{"line":1310,"column":37}},"1310":{"start":{"line":1311,"column":0},"end":{"line":1311,"column":3}},"1311":{"start":{"line":1312,"column":0},"end":{"line":1312,"column":43}},"1312":{"start":{"line":1313,"column":0},"end":{"line":1313,"column":55}},"1313":{"start":{"line":1314,"column":0},"end":{"line":1314,"column":65}},"1315":{"start":{"line":1316,"column":0},"end":{"line":1316,"column":57}},"1316":{"start":{"line":1317,"column":0},"end":{"line":1317,"column":24}},"1317":{"start":{"line":1318,"column":0},"end":{"line":1318,"column":2}},"1319":{"start":{"line":1320,"column":0},"end":{"line":1320,"column":54}},"1320":{"start":{"line":1321,"column":0},"end":{"line":1321,"column":43}},"1321":{"start":{"line":1322,"column":0},"end":{"line":1322,"column":37}},"1322":{"start":{"line":1323,"column":0},"end":{"line":1323,"column":9}},"1323":{"start":{"line":1324,"column":0},"end":{"line":1324,"column":30}},"1324":{"start":{"line":1325,"column":0},"end":{"line":1325,"c
[...]
":0},"end":{"line":97,"column":21}},"98":{"start":{"line":99,"column":0},"end":{"line":99,"column":22}},"99":{"start":{"line":100,"column":0},"end":{"line":100,"column":30}},"100":{"start":{"line":101,"column":0},"end":{"line":101,"column":42}},"101":{"start":{"line":102,"column":0},"end":{"line":102,"column":24}},"102":{"start":{"line":103,"column":0},"end":{"line":103,"column":34}},"103":{"start":{"line":104,"column":0},"end":{"line":104,"column":3}},"104":{"start":{"line":105,"column":0},"end":{"line":105,"column":68}},"105":{"start":{"line":106,"column":0},"end":{"line":106,"column":21}},"106":{"start":{"line":107,"column":0},"end":{"line":107,"column":24}},"107":{"start":{"line":108,"column":0},"end":{"line":108,"column":30}},"108":{"start":{"line":109,"column":0},"end":{"line":109,"column":38}},"109":{"start":{"line":110,"column":0},"end":{"line":110,"column":35}},"110":{"start":{"line":111,"column":0},"end":{"line":111,"column":62}},"111":{"start":{"line":112,"column":0},"end":{"line":112,"column":6}},"112":{"start":{"line":113,"column":0},"end":{"line":113,"column":10}},"113":{"start":{"line":114,"column":0},"end":{"line":114,"column":32}},"114":{"start":{"line":115,"column":0},"end":{"line":115,"column":37}},"115":{"start":{"line":116,"column":0},"end":{"line":116,"column":10}},"116":{"start":{"line":117,"column":0},"end":{"line":117,"column":16}},"117":{"start":{"line":118,"column":0},"end":{"line":118,"column":37}},"118":{"start":{"line":119,"column":0},"end":{"line":119,"column":10}},"119":{"start":{"line":120,"column":0},"end":{"line":120,"column":12}},"120":{"start":{"line":121,"column":0},"end":{"line":121,"column":10}},"121":{"start":{"line":122,"column":0},"end":{"line":122,"column":4}},"122":{"start":{"line":123,"column":0},"end":{"line":123,"column":3}},"123":{"start":{"line":124,"column":0},"end":{"line":124,"column":2}},"124":{"start":{"line":125,"column":0},"end":{"line":125,"column":1}}},"s":{"12":1,"13":0,"14":0,"15":0,"16":0,"17":0,"18":0,"19":0,"20":0,"21":0,"22":0,"23":0,"25":1,"26":1,"27":1,"28":1,"29":1,"31":1,"32":1,"33":1,"34":1,"35":1,"36":1,"37":1,"39":0,"40":0,"41":0,"42":0,"43":0,"44":0,"45":0,"50":0,"51":0,"52":0,"53":0,"55":0,"57":0,"58":0,"59":0,"61":1,"62":0,"63":0,"64":0,"65":0,"66":0,"67":0,"68":0,"69":0,"70":0,"71":0,"72":0,"73":0,"74":0,"75":0,"76":0,"77":0,"78":0,"79":0,"80":0,"81":0,"82":0,"83":0,"84":0,"86":1,"87":0,"88":0,"89":0,"90":0,"92":1,"93":3,"94":3,"95":3,"96":3,"98":1,"99":1,"100":1,"101":1,"102":1,"103":1,"104":1,"105":1,"106":4,"107":4,"108":0,"109":0,"110":0,"111":0,"112":0,"113":4,"114":0,"115":0,"116":4,"117":1,"118":1,"119":4,"120":3,"121":4,"122":4,"123":1,"124":1},"branchMap":{"0":{"type":"branch","line":26,"loc":{"start":{"line":26,"column":0},"end":{"line":38,"column":1}},"locations":[{"start":{"line":26,"column":0},"end":{"line":38,"column":1}}]},"1":{"type":"branch","line":29,"loc":{"start":{"line":29,"column":2},"end":{"line":36,"column":4}},"locations":[{"start":{"line":29,"column":2},"end":{"line":36,"column":4}}]},"2":{"type":"branch","line":93,"loc":{"start":{"line":93,"column":7},"end":{"line":125,"column":1}},"locations":[{"start":{"line":93,"column":7},"end":{"line":125,"column":1}}]},"3":{"type":"branch","line":97,"loc":{"start":{"line":97,"column":15},"end":{"line":97,"column":21}},"locations":[{"start":{"line":97,"column":15},"end":{"line":97,"column":21}}]},"4":{"type":"branch","line":97,"loc":{"start":{"line":97,"column":15},"end":{"line":125,"column":1}},"locations":[{"start":{"line":97,"column":15},"end":{"line":125,"column":1}}]},"5":{"type":"branch","line":99,"loc":{"start":{"line":99,"column":8},"end":{"line":124,"column":2}},"locations":[{"start":{"line":99,"column":8},"end":{"line":124,"column":2}}]},"6":{"type":"branch","line":100,"loc":{"start":{"line":100,"column":14},"end":{"line":100,"column":30}},"locations":[{"start":{"line":100,"column":14},"end":{"line":100,"column":30}}]},"7":{"type":"branch","line":106,"loc":{"start":{"line":106,"column":9},"end":{"line":123,"column":3}},"locations":[{"start":{"line":106,"column":9},"end":{"line":123,"column":3}}]},"8":{"type":"branch","line":108,"loc":{"start":{"line":108,"column":4},"end":{"line":113,"column":10}},"locations":[{"start":{"line":108,"column":4},"end":{"line":113,"column":10}}]},"9":{"type":"branch","line":114,"loc":{"start":{"line":114,"column":4},"end":{"line":116,"column":10}},"locations":[{"start":{"line":114,"column":4},"end":{"line":116,"column":10}}]},"10":{"type":"branch","line":117,"loc":{"start":{"line":117,"column":4},"end":{"line":119,"column":10}},"locations":[{"start":{"line":117,"column":4},"end":{"line":119,"column":10}}]},"11":{"type":"branch","line":120,"loc":{"start":{"line":120,"column":4},"end":{"line":121,"column":10}},"locations":[{"start":{"line":120,"column":4},"end":{"line":121,"column":10}}]}},"b":{"0":[1],"1":[1],"2":[3],"3":[2],"4":[1],"5":[1],"6":[0],"7":[4],"8":[0],"9":[0],"10":[1],"11":[3]},"fnMap":{"0":{"name":"makeTimings","decl":{"start":{"line":13,"column":7},"end":{"line":24,"column":1}},"loc":{"start":{"line":13,"column":7},"end":{"line":24,"column":1}},"line":13},"1":{"name":"createTimer","decl":{"start":{"line":26,"column":0},"end":{"line":38,"column":1}},"loc":{"start":{"line":26,"column":0},"end":{"line":38,"column":1}},"line":26},"2":{"name":"end","decl":{"start":{"line":29,"column":2},"end":{"line":36,"column":4}},"loc":{"start":{"line":29,"column":2},"end":{"line":36,"column":4}},"line":29},"3":{"name":"time","decl":{"start":{"line":40,"column":0},"end":{"line":60,"column":1}},"loc":{"start":{"line":40,"column":0},"end":{"line":60,"column":1}},"line":40},"4":{"name":"getServerTimeHeader","decl":{"start":{"line":62,"column":7},"end":{"line":85,"column":1}},"loc":{"start":{"line":62,"column":7},"end":{"line":85,"column":1}},"line":62},"5":{"name":"combineServerTimings","decl":{"start":{"line":87,"column":7},"end":{"line":91,"column":1}},"loc":{"start":{"line":87,"column":7},"end":{"line":91,"column":1}},"line":87},"6":{"name":"cachifiedTimingReporter","decl":{"start":{"line":93,"column":7},"end":{"line":125,"column":1}},"loc":{"start":{"line":93,"column":7},"end":{"line":125,"column":1}},"line":93}},"f":{"0":0,"1":1,"2":1,"3":0,"4":0,"5":0,"6":3}}
,"/workspace/packages/workshop-utils/src/user.server.ts": {"path":"/workspace/packages/workshop-utils/src/user.server.ts","all":true,"statementMap":{"0":{"start":{"line":1,"column":0},"end":{"line":1,"column":55}},"1":{"start":{"line":2,"column":0},"end":{"line":2,"column":32}},"2":{"start":{"line":3,"column":0},"end":{"line":3,"column":57}},"4":{"start":{"line":5,"column":0},"end":{"line":5,"column":68}},"5":{"start":{"line":6,"column":0},"end":{"line":6,"column":29}},"6":{"start":{"line":7,"column":0},"end":{"line":7,"column":52}},"7":{"start":{"line":8,"column":0},"end":{"line":8,"column":54}},"9":{"start":{"line":10,"column":0},"end":{"line":10,"column":29}},"10":{"start":{"line":11,"column":0},"end":{"line":11,"column":11}},"11":{"start":{"line":12,"column":0},"end":{"line":12,"column":29}},"12":{"start":{"line":13,"column":0},"end":{"line":13,"column":28}},"13":{"start":{"line":14,"column":0},"end":{"line":14,"column":13}},"14":{"start":{"line":15,"column":0},"end":{"line":15,"column":10}},"15":{"start":{"line":16,"column":0},"end":{"line":16,"column":23}},"16":{"start":{"line":17,"column":0},"end":{"line":17,"column":11}},"17":{"start":{"line":18,"column":0},"end":{"line":18,"column":14}},"18":{"start":{"line":19,"column":0},"end":{"line":19,"column":28}},"19":{"start":{"line":20,"column":0},"end":{"line":20,"column":13}},"20":{"start":{"line":21,"column":0},"end":{"line":21,"column":3}},"21":{"start":{"line":22,"column":0},"end":{"line":22,"column":2}},"23":{"start":{"line":24,"column":0},"end":{"line":24,"column":37}},"25":{"start":{"line":26,"column":0},"end":{"line":26,"column":20}},"26":{"start":{"line":27,"column":0},"end":{"line":27,"column":10}},"27":{"start":{"line":28,"column":0},"end":{"line":28,"column":19}},"28":{"start":{"line":29,"column":0},"end":{"line":29,"column":23}},"29":{"start":{"line":30,"column":0},"end":{"line":30,"column":12}},"30":{"start":{"line":31,"column":0},"end":{"line":31,"column":2}},"32":{"start":{"line":33,"column":0},"end":{"line":33,"column":37}},"33":{"start":{"line":34,"column":0},"end":{"line":34,"column":9}},"34":{"start":{"line":35,"column":0},"end":{"line":35,"column":15}},"35":{"start":{"line":36,"column":0},"end":{"line":36,"column":22}},"36":{"start":{"line":37,"column":0},"end":{"line":37,"column":11}},"37":{"start":{"line":38,"column":0},"end":{"line":38,"column":1}},"39":{"start":{"line":40,"column":0},"end":{"line":40,"column":62}},"40":{"start":{"line":41,"column":0},"end":{"line":41,"column":62}},"41":{"start":{"line":42,"column":0},"end":{"line":42,"column":1}}},"s":{"0":0,"1":0,"2":0,"4":0,"5":0,"6":0,"7":0,"9":0,"10":0,"11":0,"12":0,"13":0,"14":0,"15":0,"16":0,"17":0,"18":0,"19":0,"20":0,"21":0,"23":0,"25":0,"26":0,"27":0,"28":0,"29":0,"30":0,"32":0,"33":0,"34":0,"35":0,"36":0,"37":0,"39":0,"40":0,"41":0},"branchMap":{"0":{"type":"branch","line":1,"loc":{"start":{"line":1,"column":945},"end":{"line":42,"column":1}},"locations":[{"start":{"line":1,"column":945},"end":{"line":42,"column":1}}]}},"b":{"0":[0]},"fnMap":{"0":{"name":"(empty-report)","decl":{"start":{"line":1,"column":945},"end":{"line":42,"column":1}},"loc":{"start":{"line":1,"column":945},"end":{"line":42,"column":1}},"line":1}},"f":{"0":0}}
,"/workspace/packages/workshop-utils/src/utils.server.ts": {"path":"/workspace/packages/workshop-utils/src/utils.server.ts","all":false,"statementMap":{"0":{"start":{"line":1,"column":0},"end":{"line":1,"column":45}},"1":{"start":{"line":2,"column":0},"end":{"line":2,"column":28}},"2":{"start":{"line":3,"column":0},"end":{"line":3,"column":61}},"3":{"start":{"line":4,"column":0},"end":{"line":4,"column":53}},"4":{"start":{"line":5,"column":0},"end":{"line":5,"column":43}},"5":{"start":{"line":6,"column":0},"end":{"line":6,"column":62}},"8":{"start":{"line":9,"column":0},"end":{"line":9,"column":46}},"9":{"start":{"line":10,"column":0},"end":{"line":10,"column":27}},"10":{"start":{"line":11,"column":0},"end":{"line":11,"column":32}},"11":{"start":{"line":12,"column":0},"end":{"line":12,"column":36}},"12":{"start":{"line":13,"column":0},"end":{"line":13,"column":16}},"13":{"start":{"line":14,"column":0},"end":{"line":14,"column":2}},"15":{"start":{"line":16,"column":0},"end":{"line":16,"column":41}},"16":{"start":{"line":17,"column":0},"end":{"line":17,"column":6}},"17":{"start":{"line":18,"column":0},"end":{"line":18,"column":62}},"18":{"start":{"line":19,"column":0},"end":{"line":19,"column":18}},"19":{"start":{"line":20,"column":0},"end":{"line":20,"column":4}},"20":{"start":{"line":21,"column":0},"end":{"line":21,"column":20}},"21":{"start":{"line":22,"column":0},"end":{"line":22,"column":10}},"22":{"start":{"line":23,"column":0},"end":{"line":23,"column":14}},"23":{"start":{"line":24,"column":0},"end":{"line":24,"column":2}},"24":{"start":{"line":25,"column":0},"end":{"line":25,"column":1}},"26":{"start":{"line":27,"column":0},"end":{"line":27,"column":45}},"27":{"start":{"line":28,"column":0},"end":{"line":28,"column":9}},"28":{"start":{"line":29,"column":0},"end":{"line":29,"column":9}},"29":{"start":{"line":30,"column":0},"end":{"line":30,"column":4}},"32":{"start":{"line":33,"column":0},"end":{"line":33,"column":9}},"33":{"start":{"line":34,"column":0},"end":{"line":34,"column":35}},"34":{"start":{"line":35,"column":0},"end":{"line":35,"column":25}},"35":{"start":{"line":36,"column":0},"end":{"line":36,"column":10}},"36":{"start":{"line":37,"column":0},"end":{"line":37,"column":10}},"37":{"start":{"line":38,"column":0},"end":{"line":38,"column":19}},"38":{"start":{"line":39,"column":0},"end":{"line":39,"column":17}},"39":{"start":{"line":40,"column":0},"end":{"line":40,"column":32}},"40":{"start":{"line":41,"column":0},"end":{"line":41,"column":41}},"41":{"start":{"line":42,"column":0},"end":{"line":42,"column":16}},"42":{"start":{"line":43,"column":0},"end":{"line":43,"column":36}},"43":{"start":{"line":44,"column":0},"end":{"line":44,"column":41}},"44":{"start":{"line":45,"column":0},"end":{"line":45,"column":15}},"45":{"start":{"line":46,"column":0},"end":{"line":46,"column":11}},"46":{"start":{"line":47,"column":0},"end":{"line":47,"column":16}},"47":{"start":{"line":48,"column":0},"end":{"line":48,"column":4}},"48":{"start":{"line":49,"column":0},"end":{"line":49,"column":4}},"49":{"start":{"line":50,"column":0},"end":{"line":50,"column":3}},"50":{"start":{"line":51,"column":0},"end":{"line":51,"column":16}},"51":{"start":{"line":52,"column":0},"end":{"line":52,"column":1}}},"s":{"0":1,"1":1,"2":1,"3":1,"4":1,"5":1,"8":1,"9":1,"10":1,"11":1,"12":1,"13":1,"15":4,"16":4,"17":4,"18":4,"19":4,"20":3,"21":4,"22":1,"23":1,"24":4,"26":3,"27":3,"28":3,"29":3,"32":3,"33":3,"34":3,"35":3,"36":3,"37":3,"38":3,"39":3,"40":1,"41":1,"42":1,"43":1,"44":1,"45":1,"46":0,"47":0,"48":1,"49":3,"50":3,"51":3},"branchMap":{"0":{"type":"branch","line":9,"loc":{"start":{"line":9,"column":39},"end":{"line":14,"column":2}},"locations":[{"start":{"line":9,"column":39},"end":{"line":14,"column":2}}]},"1":{"type":"branch","line":16,"loc":{"start":{"line":16,"column":0},"end":{"line":25,"column":1}},"locations":[{"start":{"line":16,"column":0},"end":{"line":25,"column":1}}]},"2":{"type":"branch","line":20,"loc":{"start":{"line":20,"column":3},"end":{"line":22,"column":9}},"locations":[{"start":{"line":20,"column":3},"end":{"line":22,"column":9}}]},"3":{"type":"branch","line":22,"loc":{"start":{"line":22,"column":1},"end":{"line":24,"column":2}},"locations":[{"start":{"line":22,"column":1},"end":{"line":24,"column":2}}]},"4":{"type":"branch","line":27,"loc":{"start":{"line":27,"column":0},"end":{"line":52,"column":1}},"locations":[{"start":{"line":27,"column":0},"end":{"line":52,"column":1}}]},"5":{"type":"branch","line":40,"loc":{"start":{"line":40,"column":2},"end":{"line":49,"column":4}},"locations":[{"start":{"line":40,"column":2},"end":{"line":49,"column":4}}]},"6":{"type":"branch","line":46,"loc":{"start":{"line":46,"column":3},"end":{"line":48,"column":4}},"locations":[{"start":{"line":46,"column":3},"end":{"line":48,"column":4}}]}},"b":{"0":[1],"1":[4],"2":[3],"3":[1],"4":[3],"5":[1],"6":[0]},"fnMap":{"0":{"name":"checkConnection","decl":{"start":{"line":16,"column":0},"end":{"line":25,"column":1}},"loc":{"start":{"line":16,"column":0},"end":{"line":25,"column":1}},"line":16},"1":{"name":"checkConnectionCached","decl":{"start":{"line":27,"column":0},"end":{"line":52,"column":1}},"loc":{"start":{"line":27,"column":0},"end":{"line":52,"column":1}},"line":27},"2":{"name":"getFreshValue","decl":{"start":{"line":40,"column":2},"end":{"line":49,"column":4}},"loc":{"start":{"line":40,"column":2},"end":{"line":49,"column":4}},"line":40}},"f":{"0":4,"1":3,"2":1}}
,"/workspace/packages/workshop-utils/src/utils.ts": {"path":"/workspace/packages/workshop-utils/src/utils.ts","all":false,"statementMap":{"0":{"start":{"line":1,"column":0},"end":{"line":1,"column":49}},"1":{"start":{"line":2,"column":0},"end":{"line":2,"column":44}},"2":{"start":{"line":3,"column":0},"end":{"line":3,"column":5}},"3":{"start":{"line":4,"column":0},"end":{"line":4,"column":10}},"4":{"start":{"line":5,"column":0},"end":{"line":5,"column":30}},"5":{"start":{"line":6,"column":0},"end":{"line":6,"column":23}},"6":{"start":{"line":7,"column":0},"end":{"line":7,"column":35}},"7":{"start":{"line":8,"column":0},"end":{"line":8,"column":4}},"8":{"start":{"line":9,"column":0},"end":{"line":9,"column":22}},"9":{"start":{"line":10,"column":0},"end":{"line":10,"column":2}},"10":{"start":{"line":11,"column":0},"end":{"line":11,"column":62}},"11":{"start":{"line":12,"column":0},"end":{"line":12,"column":23}},"12":{"start":{"line":13,"column":0},"end":{"line":13,"column":1}},"14":{"start":{"line":15,"column":0},"end":{"line":15,"column":41}},"15":{"start":{"line":16,"column":0},"end":{"line":16,"column":12}},"16":{"start":{"line":17,"column":0},"end":{"line":17,"column":12}},"17":{"start":{"line":18,"column":0},"end":{"line":18,"column":4}},"20":{"start":{"line":21,"column":0},"end":{"line":21,"column":4}},"21":{"start":{"line":22,"column":0},"end":{"line":22,"column":18}},"22":{"start":{"line":23,"column":0},"end":{"line":23,"column":44}},"23":{"start":{"line":24,"column":0},"end":{"line":24,"column":40}},"24":{"start":{"line":25,"column":0},"end":{"line":25,"column":25}},"25":{"start":{"line":26,"column":0},"end":{"line":26,"column":59}},"26":{"start":{"line":27,"column":0},"end":{"line":27,"column":40}},"27":{"start":{"line":28,"column":0},"end":{"line":28,"column":9}},"28":{"start":{"line":29,"column":0},"end":{"line":29,"column":64}},"29":{"start":{"line":30,"column":0},"end":{"line":30,"column":2}},"30":{"start":{"line":31,"column":0},"end":{"line":31,"column":34}},"31":{"start":{"line":32,"column":0},"end":{"line":32,"column":1}}},"s":{"0":1,"1":8,"2":7,"3":7,"4":5,"5":4,"6":3,"7":8,"8":2,"9":2,"10":5,"11":5,"12":5,"14":1,"15":6,"16":6,"17":6,"20":6,"21":6,"22":3,"23":3,"24":3,"25":2,"26":2,"27":3,"28":1,"29":1,"30":5,"31":5},"branchMap":{"0":{"type":"branch","line":1,"loc":{"start":{"line":1,"column":7},"end":{"line":13,"column":1}},"locations":[{"start":{"line":1,"column":7},"end":{"line":13,"column":1}}]},"1":{"type":"branch","line":2,"loc":{"start":{"line":2,"column":32},"end":{"line":2,"column":44}},"locations":[{"start":{"line":2,"column":32},"end":{"line":2,"column":44}}]},"2":{"type":"branch","line":2,"loc":{"start":{"line":2,"column":39},"end":{"line":4,"column":10}},"locations":[{"start":{"line":2,"column":39},"end":{"line":4,"column":10}}]},"3":{"type":"branch","line":4,"loc":{"start":{"line":4,"column":2},"end":{"line":5,"column":30}},"locations":[{"start":{"line":4,"column":2},"end":{"line":5,"column":30}}]},"4":{"type":"branch","line":5,"loc":{"start":{"line":5,"column":19},"end":{"line":6,"column":23}},"locations":[{"start":{"line":5,"column":19},"end":{"line":6,"column":23}}]},"5":{"type":"branch","line":6,"loc":{"start":{"line":6,"column":15},"end":{"line":7,"column":35}},"locations":[{"start":{"line":6,"column":15},"end":{"line":7,"column":35}}]},"6":{"type":"branch","line":8,"loc":{"start":{"line":8,"column":3},"end":{"line":10,"column":2}},"locations":[{"start":{"line":8,"column":3},"end":{"line":10,"column":2}}]},"7":{"type":"branch","line":10,"loc":{"start":{"line":10,"column":1},"end":{"line":13,"column":1}},"locations":[{"start":{"line":10,"column":1},"end":{"line":13,"column":1}}]},"8":{"type":"branch","line":15,"loc":{"start":{"line":15,"column":7},"end":{"line":32,"column":1}},"locations":[{"start":{"line":15,"column":7},"end":{"line":32,"column":1}}]},"9":{"type":"branch","line":22,"loc":{"start":{"line":22,"column":17},"end":{"line":30,"column":2}},"locations":[{"start":{"line":22,"column":17},"end":{"line":30,"column":2}}]},"10":{"type":"branch","line":25,"loc":{"start":{"line":25,"column":24},"end":{"line":28,"column":8}},"locations":[{"start":{"line":25,"column":24},"end":{"line":28,"column":8}}]},"11":{"type":"branch","line":28,"loc":{"start":{"line":28,"column":1},"end":{"line":30,"column":2}},"locations":[{"start":{"line":28,"column":1},"end":{"line":30,"column":2}}]},"12":{"type":"branch","line":30,"loc":{"start":{"line":30,"column":1},"end":{"line":32,"column":1}},"locations":[{"start":{"line":30,"column":1},"end":{"line":32,"column":1}}]}},"b":{"0":[8],"1":[1],"2":[7],"3":[5],"4":[4],"5":[3],"6":[2],"7":[5],"8":[6],"9":[3],"10":[2],"11":[1],"12":[5]},"fnMap":{"0":{"name":"getErrorMessage","decl":{"start":{"line":1,"column":7},"end":{"line":13,"column":1}},"loc":{"start":{"line":1,"column":7},"end":{"line":13,"column":1}},"line":1},"1":{"name":"handleGitHubRepoAndRoot","decl":{"start":{"line":15,"column":7},"end":{"line":32,"column":1}},"loc":{"start":{"line":15,"column":7},"end":{"line":32,"column":1}},"line":15}},"f":{"0":8,"1":6}}
}
